2023-05-01 23:17:48.403 [main] INFO  com.mytravelagencyV5.Main - Presenting Main Menu
2023-05-01 23:17:51.350 [main] INFO  com.mytravelagencyV5.Main - 
Enter Origin Airport [EWR, TPA, MIA, JFK] :
2023-05-01 23:17:53.820 [main] INFO  com.mytravelagencyV5.Main - Enter Destination Airport [EWR, TPA, MIA, JFK] :
2023-05-01 23:17:55.639 [main] INFO  com.mytravelagencyV5.Main - Enter departure date (yyyy-MM-dd) : 
2023-05-01 23:18:01.617 [main] INFO  com.mytravelagencyV5.Main - 
Search Results -----
2023-05-01 23:18:01.618 [main] INFO  com.mytravelagencyV5.Main - 1 | AI101 from EWR (2023-05-23T01:00:00.000Z) to MIA (2023-05-23T11:00:00.000Z) with 1 stops, $ 111.0
2023-05-01 23:18:01.619 [main] INFO  com.mytravelagencyV5.Main - 2 | AI102 from EWR (2023-05-23T02:00:00.000Z) to MIA (2023-05-23T12:00:00.000Z) with 2 stops, $ 222.0
2023-05-01 23:18:01.619 [main] INFO  com.mytravelagencyV5.Main - 3 | AI103 from EWR (2023-05-23T03:00:00.000Z) to MIA (2023-05-23T13:00:00.000Z) with 3 stops, $ 333.0
2023-05-01 23:18:01.619 [main] INFO  com.mytravelagencyV5.Main - 4 | AI104 from EWR (2023-05-23T04:00:00.000Z) to MIA (2023-05-23T14:00:00.000Z) with 4 stops, $ 444.0
2023-05-01 23:18:01.619 [main] INFO  com.mytravelagencyV5.Main - 5 | AI105 from EWR (2023-05-23T05:00:00.000Z) to MIA (2023-05-23T15:00:00.000Z) with 5 stops, $ 555.0
2023-05-01 23:18:01.619 [main] INFO  com.mytravelagencyV5.Main - 6 | UA201 from EWR (2023-05-23T06:00:00.000Z) to MIA (2023-05-23T16:00:00.000Z) with 1 stops, $ 666.0
2023-05-01 23:18:01.619 [main] INFO  com.mytravelagencyV5.Main - 7 | UA202 from EWR (2023-05-23T07:00:00.000Z) to MIA (2023-05-23T17:00:00.000Z) with 2 stops, $ 777.0
2023-05-01 23:18:01.619 [main] INFO  com.mytravelagencyV5.Main - 8 | UA203 from EWR (2023-05-23T08:00:00.000Z) to MIA (2023-05-23T18:00:00.000Z) with 3 stops, $ 888.0
2023-05-01 23:18:01.619 [main] INFO  com.mytravelagencyV5.Main - 9 | UA204 from EWR (2023-05-23T09:00:00.000Z) to MIA (2023-05-23T19:00:00.000Z) with 4 stops, $ 999.0
2023-05-01 23:18:01.620 [main] INFO  com.mytravelagencyV5.Main - 10 | UA205 from EWR (2023-05-23T10:00:00.000Z) to MIA (2023-05-23T20:00:00.000Z) with 5 stops, $ 1100.0
2023-05-01 23:18:01.620 [main] INFO  com.mytravelagencyV5.Main - 
Set Filters : 
2023-05-01 23:18:01.620 [main] INFO  com.mytravelagencyV5.Main - Enter max price : 
2023-05-01 23:19:04.094 [main] INFO  com.mytravelagencyV5.Main - Presenting Main Menu
2023-05-01 23:19:04.095 [main] INFO  com.mytravelagencyV5.Main - 
 Main Menu -----
 1. Flight Reservation
 2. Hotel Reservation
 3. Car Reservation
 4. Exit
 Enter your response : 
2023-05-01 23:19:08.776 [main] INFO  com.mytravelagencyV5.Main - 
Enter Origin Airport [EWR, TPA, MIA, JFK] :
2023-05-01 23:19:11.932 [main] INFO  com.mytravelagencyV5.Main - Enter Destination Airport [EWR, TPA, MIA, JFK] :
2023-05-01 23:19:14.166 [main] INFO  com.mytravelagencyV5.Main - Enter departure date (yyyy-MM-dd) : 
2023-05-01 23:19:17.936 [main] INFO  com.mytravelagencyV5.Main - 
Search Results -----
2023-05-01 23:19:17.936 [main] INFO  com.mytravelagencyV5.Main - 1 | AI101 from EWR (2023-05-23T01:00:00.000Z) to MIA (2023-05-23T11:00:00.000Z) with 1 stops, $ 111.0
2023-05-01 23:19:17.937 [main] INFO  com.mytravelagencyV5.Main - 2 | AI102 from EWR (2023-05-23T02:00:00.000Z) to MIA (2023-05-23T12:00:00.000Z) with 2 stops, $ 222.0
2023-05-01 23:19:17.937 [main] INFO  com.mytravelagencyV5.Main - 3 | AI103 from EWR (2023-05-23T03:00:00.000Z) to MIA (2023-05-23T13:00:00.000Z) with 3 stops, $ 333.0
2023-05-01 23:19:17.937 [main] INFO  com.mytravelagencyV5.Main - 4 | AI104 from EWR (2023-05-23T04:00:00.000Z) to MIA (2023-05-23T14:00:00.000Z) with 4 stops, $ 444.0
2023-05-01 23:19:17.937 [main] INFO  com.mytravelagencyV5.Main - 5 | AI105 from EWR (2023-05-23T05:00:00.000Z) to MIA (2023-05-23T15:00:00.000Z) with 5 stops, $ 555.0
2023-05-01 23:19:17.937 [main] INFO  com.mytravelagencyV5.Main - 6 | UA201 from EWR (2023-05-23T06:00:00.000Z) to MIA (2023-05-23T16:00:00.000Z) with 1 stops, $ 666.0
2023-05-01 23:19:17.937 [main] INFO  com.mytravelagencyV5.Main - 7 | UA202 from EWR (2023-05-23T07:00:00.000Z) to MIA (2023-05-23T17:00:00.000Z) with 2 stops, $ 777.0
2023-05-01 23:19:17.937 [main] INFO  com.mytravelagencyV5.Main - 8 | UA203 from EWR (2023-05-23T08:00:00.000Z) to MIA (2023-05-23T18:00:00.000Z) with 3 stops, $ 888.0
2023-05-01 23:19:17.937 [main] INFO  com.mytravelagencyV5.Main - 9 | UA204 from EWR (2023-05-23T09:00:00.000Z) to MIA (2023-05-23T19:00:00.000Z) with 4 stops, $ 999.0
2023-05-01 23:19:17.937 [main] INFO  com.mytravelagencyV5.Main - 10 | UA205 from EWR (2023-05-23T10:00:00.000Z) to MIA (2023-05-23T20:00:00.000Z) with 5 stops, $ 1100.0
2023-05-01 23:19:17.938 [main] INFO  com.mytravelagencyV5.Main - 
Set Filters : 
2023-05-01 23:19:17.938 [main] INFO  com.mytravelagencyV5.Main - Enter max price : 
2023-05-01 23:21:01.203 [main] INFO  com.mytravelagencyV5.Main - Presenting Main Menu
2023-05-01 23:21:01.205 [main] INFO  com.mytravelagencyV5.Main - 
 Main Menu -----
 1. Flight Reservation
 2. Hotel Reservation
 3. Car Reservation
 4. Exit
 Enter your response : 
2023-05-01 23:21:03.462 [main] INFO  com.mytravelagencyV5.Main - 
Enter Origin Airport [EWR, TPA, MIA, JFK] :
2023-05-01 23:21:05.408 [main] INFO  com.mytravelagencyV5.Main - Enter Destination Airport [EWR, TPA, MIA, JFK] :
2023-05-01 23:21:06.821 [main] INFO  com.mytravelagencyV5.Main - Enter departure date (yyyy-MM-dd) : 
2023-05-01 23:21:09.685 [main] INFO  com.mytravelagencyV5.Main - 
Search Results -----
2023-05-01 23:21:09.686 [main] INFO  com.mytravelagencyV5.Main - 1 | AI101 from EWR (2023-05-23T01:00:00.000Z) to MIA (2023-05-23T11:00:00.000Z) with 1 stops, $ 111.0
2023-05-01 23:21:09.686 [main] INFO  com.mytravelagencyV5.Main - 2 | AI102 from EWR (2023-05-23T02:00:00.000Z) to MIA (2023-05-23T12:00:00.000Z) with 2 stops, $ 222.0
2023-05-01 23:21:09.686 [main] INFO  com.mytravelagencyV5.Main - 3 | AI103 from EWR (2023-05-23T03:00:00.000Z) to MIA (2023-05-23T13:00:00.000Z) with 3 stops, $ 333.0
2023-05-01 23:21:09.686 [main] INFO  com.mytravelagencyV5.Main - 4 | AI104 from EWR (2023-05-23T04:00:00.000Z) to MIA (2023-05-23T14:00:00.000Z) with 4 stops, $ 444.0
2023-05-01 23:21:09.686 [main] INFO  com.mytravelagencyV5.Main - 5 | AI105 from EWR (2023-05-23T05:00:00.000Z) to MIA (2023-05-23T15:00:00.000Z) with 5 stops, $ 555.0
2023-05-01 23:21:09.686 [main] INFO  com.mytravelagencyV5.Main - 6 | UA201 from EWR (2023-05-23T06:00:00.000Z) to MIA (2023-05-23T16:00:00.000Z) with 1 stops, $ 666.0
2023-05-01 23:21:09.686 [main] INFO  com.mytravelagencyV5.Main - 7 | UA202 from EWR (2023-05-23T07:00:00.000Z) to MIA (2023-05-23T17:00:00.000Z) with 2 stops, $ 777.0
2023-05-01 23:21:09.686 [main] INFO  com.mytravelagencyV5.Main - 8 | UA203 from EWR (2023-05-23T08:00:00.000Z) to MIA (2023-05-23T18:00:00.000Z) with 3 stops, $ 888.0
2023-05-01 23:21:09.686 [main] INFO  com.mytravelagencyV5.Main - 9 | UA204 from EWR (2023-05-23T09:00:00.000Z) to MIA (2023-05-23T19:00:00.000Z) with 4 stops, $ 999.0
2023-05-01 23:21:09.687 [main] INFO  com.mytravelagencyV5.Main - 10 | UA205 from EWR (2023-05-23T10:00:00.000Z) to MIA (2023-05-23T20:00:00.000Z) with 5 stops, $ 1100.0
2023-05-01 23:21:09.687 [main] INFO  com.mytravelagencyV5.Main - 
Set Filters : 
2023-05-01 23:21:09.687 [main] INFO  com.mytravelagencyV5.Main - Enter max price : 
2023-05-01 23:21:20.591 [main] INFO  com.mytravelagencyV5.Main - Enter max number of stops : 
2023-05-01 23:21:21.547 [main] INFO  com.mytravelagencyV5.Main - 
Filtered Results -----
2023-05-01 23:21:21.548 [main] INFO  com.mytravelagencyV5.Main - 1 | AI101 from EWR (2023-05-23T01:00:00.000Z) to MIA (2023-05-23T11:00:00.000Z) with 1 stops, $ 111.0
2023-05-01 23:21:21.548 [main] INFO  com.mytravelagencyV5.Main - 2 | AI102 from EWR (2023-05-23T02:00:00.000Z) to MIA (2023-05-23T12:00:00.000Z) with 2 stops, $ 222.0
2023-05-01 23:21:21.548 [main] INFO  com.mytravelagencyV5.Main - 3 | AI103 from EWR (2023-05-23T03:00:00.000Z) to MIA (2023-05-23T13:00:00.000Z) with 3 stops, $ 333.0
2023-05-01 23:21:21.548 [main] INFO  com.mytravelagencyV5.Main - 4 | AI104 from EWR (2023-05-23T04:00:00.000Z) to MIA (2023-05-23T14:00:00.000Z) with 4 stops, $ 444.0
2023-05-01 23:21:21.548 [main] INFO  com.mytravelagencyV5.Main - 5 | UA201 from EWR (2023-05-23T06:00:00.000Z) to MIA (2023-05-23T16:00:00.000Z) with 1 stops, $ 666.0
2023-05-01 23:21:21.548 [main] INFO  com.mytravelagencyV5.Main - 6 | UA202 from EWR (2023-05-23T07:00:00.000Z) to MIA (2023-05-23T17:00:00.000Z) with 2 stops, $ 777.0
2023-05-01 23:21:21.548 [main] INFO  com.mytravelagencyV5.Main - Select your flight : 
2023-05-01 23:21:26.597 [main] INFO  com.mytravelagencyV5.Main - 
Flight Selected -----
2023-05-01 23:21:26.608 [main] INFO  com.mytravelagencyV5.Main - Flight Selected: UA202 from EWR (2023-05-23T07:00:00.000Z) to MIA (2023-05-23T17:00:00.000Z) with 2 stops, $ 777.0
2023-05-01 23:21:26.609 [main] INFO  com.mytravelagencyV5.Main - 
Customer Name : 
2023-05-01 23:27:24.213 [main] INFO  com.mytravelagencyV5.Main - Presenting Main Menu
2023-05-01 23:27:24.215 [main] INFO  com.mytravelagencyV5.Main - 
 Main Menu -----
 1. Flight Reservation
 2. Hotel Reservation
 3. Car Reservation
 4. Exit
 Enter your response : 
2023-05-01 23:27:25.756 [main] INFO  com.mytravelagencyV5.Main - 
Flight Reservation started -----
2023-05-01 23:27:25.758 [main] INFO  com.mytravelagencyV5.FlightReservationMenu - 
Enter Origin Airport [EWR, TPA, MIA, JFK] :
2023-05-01 23:27:27.686 [main] INFO  com.mytravelagencyV5.FlightReservationMenu - Enter Destination Airport [EWR, TPA, MIA, JFK] :
2023-05-01 23:27:28.828 [main] INFO  com.mytravelagencyV5.Main - Enter departure date (yyyy-MM-dd) : 
2023-05-01 23:27:31.472 [main] INFO  com.mytravelagencyV5.Main - 
Search Results -----
2023-05-01 23:27:31.473 [main] INFO  com.mytravelagencyV5.Main - 1 | AI101 from EWR (2023-05-23T01:00:00.000Z) to MIA (2023-05-23T11:00:00.000Z) with 1 stops, $ 111.0
2023-05-01 23:27:31.473 [main] INFO  com.mytravelagencyV5.Main - 2 | AI102 from EWR (2023-05-23T02:00:00.000Z) to MIA (2023-05-23T12:00:00.000Z) with 2 stops, $ 222.0
2023-05-01 23:27:31.473 [main] INFO  com.mytravelagencyV5.Main - 3 | AI103 from EWR (2023-05-23T03:00:00.000Z) to MIA (2023-05-23T13:00:00.000Z) with 3 stops, $ 333.0
2023-05-01 23:27:31.473 [main] INFO  com.mytravelagencyV5.Main - 4 | AI104 from EWR (2023-05-23T04:00:00.000Z) to MIA (2023-05-23T14:00:00.000Z) with 4 stops, $ 444.0
2023-05-01 23:27:31.474 [main] INFO  com.mytravelagencyV5.Main - 5 | AI105 from EWR (2023-05-23T05:00:00.000Z) to MIA (2023-05-23T15:00:00.000Z) with 5 stops, $ 555.0
2023-05-01 23:27:31.474 [main] INFO  com.mytravelagencyV5.Main - 6 | UA201 from EWR (2023-05-23T06:00:00.000Z) to MIA (2023-05-23T16:00:00.000Z) with 1 stops, $ 666.0
2023-05-01 23:27:31.474 [main] INFO  com.mytravelagencyV5.Main - 7 | UA202 from EWR (2023-05-23T07:00:00.000Z) to MIA (2023-05-23T17:00:00.000Z) with 2 stops, $ 777.0
2023-05-01 23:27:31.474 [main] INFO  com.mytravelagencyV5.Main - 8 | UA203 from EWR (2023-05-23T08:00:00.000Z) to MIA (2023-05-23T18:00:00.000Z) with 3 stops, $ 888.0
2023-05-01 23:27:31.474 [main] INFO  com.mytravelagencyV5.Main - 9 | UA204 from EWR (2023-05-23T09:00:00.000Z) to MIA (2023-05-23T19:00:00.000Z) with 4 stops, $ 999.0
2023-05-01 23:27:31.474 [main] INFO  com.mytravelagencyV5.Main - 10 | UA205 from EWR (2023-05-23T10:00:00.000Z) to MIA (2023-05-23T20:00:00.000Z) with 5 stops, $ 1100.0
2023-05-01 23:27:31.474 [main] INFO  com.mytravelagencyV5.Main - 
Set Filters : 
2023-05-01 23:27:31.475 [main] INFO  com.mytravelagencyV5.Main - Enter max price : 
2023-05-01 23:27:34.513 [main] INFO  com.mytravelagencyV5.Main - Enter max number of stops : 
2023-05-01 23:27:35.395 [main] INFO  com.mytravelagencyV5.Main - 
Filtered Results -----
2023-05-01 23:27:35.395 [main] INFO  com.mytravelagencyV5.Main - 1 | AI101 from EWR (2023-05-23T01:00:00.000Z) to MIA (2023-05-23T11:00:00.000Z) with 1 stops, $ 111.0
2023-05-01 23:27:35.395 [main] INFO  com.mytravelagencyV5.Main - 2 | AI102 from EWR (2023-05-23T02:00:00.000Z) to MIA (2023-05-23T12:00:00.000Z) with 2 stops, $ 222.0
2023-05-01 23:27:35.396 [main] INFO  com.mytravelagencyV5.Main - 3 | AI103 from EWR (2023-05-23T03:00:00.000Z) to MIA (2023-05-23T13:00:00.000Z) with 3 stops, $ 333.0
2023-05-01 23:27:35.396 [main] INFO  com.mytravelagencyV5.Main - 4 | AI104 from EWR (2023-05-23T04:00:00.000Z) to MIA (2023-05-23T14:00:00.000Z) with 4 stops, $ 444.0
2023-05-01 23:27:35.396 [main] INFO  com.mytravelagencyV5.Main - 5 | AI105 from EWR (2023-05-23T05:00:00.000Z) to MIA (2023-05-23T15:00:00.000Z) with 5 stops, $ 555.0
2023-05-01 23:27:35.396 [main] INFO  com.mytravelagencyV5.Main - 6 | UA201 from EWR (2023-05-23T06:00:00.000Z) to MIA (2023-05-23T16:00:00.000Z) with 1 stops, $ 666.0
2023-05-01 23:27:35.396 [main] INFO  com.mytravelagencyV5.Main - 7 | UA202 from EWR (2023-05-23T07:00:00.000Z) to MIA (2023-05-23T17:00:00.000Z) with 2 stops, $ 777.0
2023-05-01 23:27:35.396 [main] INFO  com.mytravelagencyV5.Main - Select your flight : 
2023-05-01 23:27:37.741 [main] INFO  com.mytravelagencyV5.Main - 
Flight Selected -----
2023-05-01 23:27:37.751 [main] INFO  com.mytravelagencyV5.Main - UA202 from EWR (2023-05-23T07:00:00.000Z) to MIA (2023-05-23T17:00:00.000Z) with 2 stops, $ 777.0
2023-05-01 23:27:37.752 [main] INFO  com.mytravelagencyV5.Main - 
Customer Name : 
2023-05-01 23:27:41.451 [main] INFO  com.mytravelagencyV5.FlightReservationMenu - Customer Email : 
2023-05-01 23:27:43.740 [main] INFO  com.mytravelagencyV5.FlightReservationMenu - Confirm Email : 
2023-05-01 23:27:46.836 [main] INFO  com.mytravelagencyV5.Main - Customer Phone : 
2023-05-01 23:27:48.650 [main] INFO  com.mytravelagencyV5.FlightReservationMenu - Select a seat : 
2023-05-01 23:27:51.134 [main] INFO  com.mytravelagencyV5.FlightReservationMenu - Seat selected : A3 | Occupied seat count : 2
2023-05-01 23:27:51.134 [main] INFO  com.mytravelagencyV5.FlightReservationMenu - {Seat - A3=mg@gmail.com, Seat - A1=mg@gmail.com}
2023-05-01 23:27:51.135 [main] INFO  com.mytravelagencyV5.FlightReservationMenu - Queue for upgrade to business class before request : [mg@gmail.com]
2023-05-01 23:27:51.135 [main] INFO  com.mytravelagencyV5.FlightReservationMenu - 
Do you want an upgrade to Business Class Seat: 
2023-05-01 23:32:30.094 [main] INFO  com.mytravelagencyV5.FlightReservationMenu - Queue for upgrade to business class after request : [mg@gmail.com, mg@gmail.com]
2023-05-01 23:32:30.095 [main] INFO  com.mytravelagencyV5.FlightReservationMenu - 
Enter new Business Class Seat for UA202 :
2023-05-01 23:35:12.184 [main] INFO  com.mytravelagencyV5.FlightReservationMenu - Current queue for upgrade to business class : [mg@gmail.com]
2023-05-01 23:35:12.185 [main] INFO  com.mytravelagencyV5.FlightReservationMenu - Seats reserved for flight UA202 : {Seat - A3=mg@gmail.com, Seat - B5=mg@gmail.com}
2023-05-01 23:35:12.185 [main] INFO  com.mytravelagencyV5.Main - 
needSpecialAssistance : 
2023-05-01 23:38:06.929 [main] INFO  com.mytravelagencyV5.Main - Presenting Main Menu
2023-05-01 23:38:06.930 [main] INFO  com.mytravelagencyV5.Main - 
 Main Menu -----
 1. Flight Reservation
 2. Hotel Reservation
 3. Car Reservation
 4. Exit
 Enter your response : 
2023-05-01 23:38:08.055 [main] INFO  com.mytravelagencyV5.Main - 
Flight Reservation started -----
2023-05-01 23:38:08.058 [main] INFO  com.mytravelagencyV5.FlightReservationMenu - 
Enter Origin Airport [EWR, TPA, MIA, JFK] :
2023-05-01 23:38:09.959 [main] INFO  com.mytravelagencyV5.FlightReservationMenu - Enter Destination Airport [EWR, TPA, MIA, JFK] :
2023-05-01 23:38:10.718 [main] INFO  com.mytravelagencyV5.Main - Enter departure date (yyyy-MM-dd) : 
2023-05-01 23:38:13.117 [main] INFO  com.mytravelagencyV5.Main - 
Search Results -----
2023-05-01 23:38:13.118 [main] INFO  com.mytravelagencyV5.Main - 1 | AI101 from EWR (2023-05-23T01:00:00.000Z) to MIA (2023-05-23T11:00:00.000Z) with 1 stops, $ 111.0
2023-05-01 23:38:13.118 [main] INFO  com.mytravelagencyV5.Main - 2 | AI102 from EWR (2023-05-23T02:00:00.000Z) to MIA (2023-05-23T12:00:00.000Z) with 2 stops, $ 222.0
2023-05-01 23:38:13.118 [main] INFO  com.mytravelagencyV5.Main - 3 | AI103 from EWR (2023-05-23T03:00:00.000Z) to MIA (2023-05-23T13:00:00.000Z) with 3 stops, $ 333.0
2023-05-01 23:38:13.118 [main] INFO  com.mytravelagencyV5.Main - 4 | AI104 from EWR (2023-05-23T04:00:00.000Z) to MIA (2023-05-23T14:00:00.000Z) with 4 stops, $ 444.0
2023-05-01 23:38:13.118 [main] INFO  com.mytravelagencyV5.Main - 5 | AI105 from EWR (2023-05-23T05:00:00.000Z) to MIA (2023-05-23T15:00:00.000Z) with 5 stops, $ 555.0
2023-05-01 23:38:13.118 [main] INFO  com.mytravelagencyV5.Main - 6 | UA201 from EWR (2023-05-23T06:00:00.000Z) to MIA (2023-05-23T16:00:00.000Z) with 1 stops, $ 666.0
2023-05-01 23:38:13.118 [main] INFO  com.mytravelagencyV5.Main - 7 | UA202 from EWR (2023-05-23T07:00:00.000Z) to MIA (2023-05-23T17:00:00.000Z) with 2 stops, $ 777.0
2023-05-01 23:38:13.119 [main] INFO  com.mytravelagencyV5.Main - 8 | UA203 from EWR (2023-05-23T08:00:00.000Z) to MIA (2023-05-23T18:00:00.000Z) with 3 stops, $ 888.0
2023-05-01 23:38:13.119 [main] INFO  com.mytravelagencyV5.Main - 9 | UA204 from EWR (2023-05-23T09:00:00.000Z) to MIA (2023-05-23T19:00:00.000Z) with 4 stops, $ 999.0
2023-05-01 23:38:13.119 [main] INFO  com.mytravelagencyV5.Main - 10 | UA205 from EWR (2023-05-23T10:00:00.000Z) to MIA (2023-05-23T20:00:00.000Z) with 5 stops, $ 1100.0
2023-05-01 23:38:13.119 [main] INFO  com.mytravelagencyV5.Main - 
Set Filters : 
2023-05-01 23:38:13.119 [main] INFO  com.mytravelagencyV5.Main - Enter max price : 
2023-05-01 23:38:15.890 [main] INFO  com.mytravelagencyV5.Main - Enter max number of stops : 
2023-05-01 23:38:16.908 [main] INFO  com.mytravelagencyV5.Main - 
Filtered Results -----
2023-05-01 23:38:16.908 [main] INFO  com.mytravelagencyV5.Main - 1 | AI101 from EWR (2023-05-23T01:00:00.000Z) to MIA (2023-05-23T11:00:00.000Z) with 1 stops, $ 111.0
2023-05-01 23:38:16.909 [main] INFO  com.mytravelagencyV5.Main - 2 | AI102 from EWR (2023-05-23T02:00:00.000Z) to MIA (2023-05-23T12:00:00.000Z) with 2 stops, $ 222.0
2023-05-01 23:38:16.909 [main] INFO  com.mytravelagencyV5.Main - 3 | AI103 from EWR (2023-05-23T03:00:00.000Z) to MIA (2023-05-23T13:00:00.000Z) with 3 stops, $ 333.0
2023-05-01 23:38:16.909 [main] INFO  com.mytravelagencyV5.Main - 4 | AI104 from EWR (2023-05-23T04:00:00.000Z) to MIA (2023-05-23T14:00:00.000Z) with 4 stops, $ 444.0
2023-05-01 23:38:16.909 [main] INFO  com.mytravelagencyV5.Main - 5 | UA201 from EWR (2023-05-23T06:00:00.000Z) to MIA (2023-05-23T16:00:00.000Z) with 1 stops, $ 666.0
2023-05-01 23:38:16.909 [main] INFO  com.mytravelagencyV5.Main - 6 | UA202 from EWR (2023-05-23T07:00:00.000Z) to MIA (2023-05-23T17:00:00.000Z) with 2 stops, $ 777.0
2023-05-01 23:38:16.909 [main] INFO  com.mytravelagencyV5.Main - Select your flight : 
2023-05-01 23:38:18.738 [main] INFO  com.mytravelagencyV5.Main - 
Flight Selected -----
2023-05-01 23:38:18.750 [main] INFO  com.mytravelagencyV5.Main - UA202 from EWR (2023-05-23T07:00:00.000Z) to MIA (2023-05-23T17:00:00.000Z) with 2 stops, $ 777.0
2023-05-01 23:38:18.751 [main] INFO  com.mytravelagencyV5.Main - 
Customer Name : 
2023-05-01 23:38:21.677 [main] INFO  com.mytravelagencyV5.FlightReservationMenu - Customer Email : 
2023-05-01 23:38:25.679 [main] INFO  com.mytravelagencyV5.FlightReservationMenu - Confirm Email : 
2023-05-01 23:38:28.892 [main] INFO  com.mytravelagencyV5.Main - Customer Phone : 
2023-05-01 23:38:30.745 [main] INFO  com.mytravelagencyV5.FlightReservationMenu - Select a seat : 
2023-05-01 23:38:33.294 [main] INFO  com.mytravelagencyV5.FlightReservationMenu - 
--- Seat Occupancy for flight UA202 : {Seat - A4=mg2@gmail.com, Seat - A1=mg@gmail.com}
2023-05-01 23:38:33.295 [main] INFO  com.mytravelagencyV5.FlightReservationMenu - 
--- Queue for upgrade to Business Class : [mg@gmail.com]
2023-05-01 23:38:33.295 [main] INFO  com.mytravelagencyV5.FlightReservationMenu - 
Do you want an upgrade to Business Class Seat: 
2023-05-01 23:38:55.542 [main] INFO  com.mytravelagencyV5.FlightReservationMenu - 
--- Queue for upgrade to Business Class : [mg@gmail.com, mg2@gmail.com]
2023-05-01 23:38:55.543 [main] INFO  com.mytravelagencyV5.FlightReservationMenu - 
Open new Business Class Seat for reservation in flight UA202 :
2023-05-01 23:40:07.682 [main] INFO  com.mytravelagencyV5.FlightReservationMenu - --- Queue for upgrade to Business Class : [mg2@gmail.com]
2023-05-01 23:40:07.682 [main] INFO  com.mytravelagencyV5.FlightReservationMenu - --- Seat Occupancy for flight UA202 : {Seat - A4=mg2@gmail.com, Seat - B8=mg@gmail.com}
2023-05-01 23:40:07.682 [main] INFO  com.mytravelagencyV5.Main - 
needSpecialAssistance : 
2023-05-01 23:41:22.834 [main] INFO  com.mytravelagencyV5.Main - needMealService : 
2023-05-01 23:41:24.201 [main] INFO  com.mytravelagencyV5.Main - 
Flight is reserved: 
Flight Reservation Id : cfbbd759-f91c-421f-907d-fdaf77822681 -----
UA202 from EWR (2023-05-23T07:00:00.000Z) to MIA (2023-05-23T17:00:00.000Z) with 2 stops, $ 777.0
Customer : Mohit | mg2@gmail.com | 1234
Additional Services : 
 needMealService : false
 needSpecialAssistance : true
2023-05-01 23:41:24.201 [main] INFO  com.mytravelagencyV5.Main - 
Do you want to add more reservations to this trip : 
2023-05-01 23:44:13.306 [main] INFO  com.mytravelagencyV5.Main - Presenting Main Menu
2023-05-01 23:44:13.308 [main] INFO  com.mytravelagencyV5.Main - 
 Main Menu -----
 1. Flight Reservation
 2. Hotel Reservation
 3. Car Reservation
 4. Exit
 Enter your response : 
2023-05-01 23:44:15.629 [main] INFO  com.mytravelagencyV5.Main - 
Flight Reservation started -----
2023-05-01 23:44:15.631 [main] INFO  com.mytravelagencyV5.FlightReservationMenu - 
Enter Origin Airport [EWR, TPA, MIA, JFK] :
2023-05-01 23:44:17.653 [main] INFO  com.mytravelagencyV5.FlightReservationMenu - Enter Destination Airport [EWR, TPA, MIA, JFK] :
2023-05-01 23:44:18.528 [main] INFO  com.mytravelagencyV5.Main - Enter departure date (yyyy-MM-dd) : 
2023-05-01 23:44:21.127 [main] INFO  com.mytravelagencyV5.Main - 
Search Results -----
2023-05-01 23:44:21.128 [main] INFO  com.mytravelagencyV5.Main - 1 | AI101 from EWR (2023-05-23T01:00:00.000Z) to MIA (2023-05-23T11:00:00.000Z) with 1 stops, $ 111.0
2023-05-01 23:44:21.128 [main] INFO  com.mytravelagencyV5.Main - 2 | AI102 from EWR (2023-05-23T02:00:00.000Z) to MIA (2023-05-23T12:00:00.000Z) with 2 stops, $ 222.0
2023-05-01 23:44:21.128 [main] INFO  com.mytravelagencyV5.Main - 3 | AI103 from EWR (2023-05-23T03:00:00.000Z) to MIA (2023-05-23T13:00:00.000Z) with 3 stops, $ 333.0
2023-05-01 23:44:21.128 [main] INFO  com.mytravelagencyV5.Main - 4 | AI104 from EWR (2023-05-23T04:00:00.000Z) to MIA (2023-05-23T14:00:00.000Z) with 4 stops, $ 444.0
2023-05-01 23:44:21.128 [main] INFO  com.mytravelagencyV5.Main - 5 | AI105 from EWR (2023-05-23T05:00:00.000Z) to MIA (2023-05-23T15:00:00.000Z) with 5 stops, $ 555.0
2023-05-01 23:44:21.129 [main] INFO  com.mytravelagencyV5.Main - 6 | UA201 from EWR (2023-05-23T06:00:00.000Z) to MIA (2023-05-23T16:00:00.000Z) with 1 stops, $ 666.0
2023-05-01 23:44:21.129 [main] INFO  com.mytravelagencyV5.Main - 7 | UA202 from EWR (2023-05-23T07:00:00.000Z) to MIA (2023-05-23T17:00:00.000Z) with 2 stops, $ 777.0
2023-05-01 23:44:21.129 [main] INFO  com.mytravelagencyV5.Main - 8 | UA203 from EWR (2023-05-23T08:00:00.000Z) to MIA (2023-05-23T18:00:00.000Z) with 3 stops, $ 888.0
2023-05-01 23:44:21.129 [main] INFO  com.mytravelagencyV5.Main - 9 | UA204 from EWR (2023-05-23T09:00:00.000Z) to MIA (2023-05-23T19:00:00.000Z) with 4 stops, $ 999.0
2023-05-01 23:44:21.129 [main] INFO  com.mytravelagencyV5.Main - 10 | UA205 from EWR (2023-05-23T10:00:00.000Z) to MIA (2023-05-23T20:00:00.000Z) with 5 stops, $ 1100.0
2023-05-01 23:44:21.129 [main] INFO  com.mytravelagencyV5.Main - 
Set Filters : 
2023-05-01 23:44:21.129 [main] INFO  com.mytravelagencyV5.Main - Enter max price : 
2023-05-01 23:44:24.835 [main] INFO  com.mytravelagencyV5.Main - Enter max number of stops : 
2023-05-01 23:44:26.237 [main] INFO  com.mytravelagencyV5.Main - 
Filtered Results -----
2023-05-01 23:44:26.237 [main] INFO  com.mytravelagencyV5.Main - 1 | AI101 from EWR (2023-05-23T01:00:00.000Z) to MIA (2023-05-23T11:00:00.000Z) with 1 stops, $ 111.0
2023-05-01 23:44:26.237 [main] INFO  com.mytravelagencyV5.Main - 2 | AI102 from EWR (2023-05-23T02:00:00.000Z) to MIA (2023-05-23T12:00:00.000Z) with 2 stops, $ 222.0
2023-05-01 23:44:26.237 [main] INFO  com.mytravelagencyV5.Main - 3 | AI103 from EWR (2023-05-23T03:00:00.000Z) to MIA (2023-05-23T13:00:00.000Z) with 3 stops, $ 333.0
2023-05-01 23:44:26.237 [main] INFO  com.mytravelagencyV5.Main - 4 | UA201 from EWR (2023-05-23T06:00:00.000Z) to MIA (2023-05-23T16:00:00.000Z) with 1 stops, $ 666.0
2023-05-01 23:44:26.237 [main] INFO  com.mytravelagencyV5.Main - 5 | UA202 from EWR (2023-05-23T07:00:00.000Z) to MIA (2023-05-23T17:00:00.000Z) with 2 stops, $ 777.0
2023-05-01 23:44:26.238 [main] INFO  com.mytravelagencyV5.Main - Select your flight : 
2023-05-01 23:44:27.986 [main] INFO  com.mytravelagencyV5.Main - 
Flight Selected -----
2023-05-01 23:44:27.996 [main] INFO  com.mytravelagencyV5.Main - UA202 from EWR (2023-05-23T07:00:00.000Z) to MIA (2023-05-23T17:00:00.000Z) with 2 stops, $ 777.0
2023-05-01 23:44:27.997 [main] INFO  com.mytravelagencyV5.Main - 
Customer Name : 
2023-05-01 23:44:31.182 [main] INFO  com.mytravelagencyV5.FlightReservationMenu - Customer Email : 
2023-05-01 23:44:34.774 [main] INFO  com.mytravelagencyV5.FlightReservationMenu - Confirm Email : 
2023-05-01 23:44:38.319 [main] INFO  com.mytravelagencyV5.Main - Customer Phone : 
2023-05-01 23:44:39.861 [main] INFO  com.mytravelagencyV5.FlightReservationMenu - Select a seat : 
2023-05-01 23:44:42.561 [main] INFO  com.mytravelagencyV5.FlightReservationMenu - 
--- Seat Occupancy for flight UA202 : {Seat - A9=mg2@gmail.com, Seat - A1=mg@gmail.com}
2023-05-01 23:44:42.561 [main] INFO  com.mytravelagencyV5.FlightReservationMenu - --- Queue for upgrade to Business Class : [mg@gmail.com]
2023-05-01 23:44:42.561 [main] INFO  com.mytravelagencyV5.FlightReservationMenu - 
Do you want an upgrade to Business Class Seat: 
2023-05-01 23:44:51.825 [main] INFO  com.mytravelagencyV5.FlightReservationMenu - --- Queue for upgrade to Business Class : [mg@gmail.com, mg2@gmail.com]
2023-05-01 23:44:51.825 [main] INFO  com.mytravelagencyV5.FlightReservationMenu - 
Open new Business Class Seat for flight UA202 :
2023-05-01 23:45:00.161 [main] INFO  com.mytravelagencyV5.FlightReservationMenu - --- Queue for upgrade to Business Class : [mg2@gmail.com]
2023-05-01 23:45:00.161 [main] INFO  com.mytravelagencyV5.FlightReservationMenu - --- Seat Occupancy for flight UA202 : {Seat - B9=mg@gmail.com, Seat - A9=mg2@gmail.com}
2023-05-01 23:45:00.161 [main] INFO  com.mytravelagencyV5.Main - 
needSpecialAssistance : 
2023-05-01 23:46:13.245 [main] INFO  com.mytravelagencyV5.Main - needMealService : 
2023-05-01 23:46:14.843 [main] INFO  com.mytravelagencyV5.Main - 
Do you want to add more reservations to this trip : 
2023-05-01 23:50:49.541 [main] INFO  com.mytravelagencyV5.Main - Presenting Main Menu
2023-05-01 23:50:49.542 [main] INFO  com.mytravelagencyV5.Main - 
 Main Menu -----
 1. Flight Reservation
 2. Hotel Reservation
 3. Car Reservation
 4. Exit
 Enter your response : 
2023-05-01 23:50:51.716 [main] INFO  com.mytravelagencyV5.Main - 
Flight Reservation started -----
2023-05-01 23:50:51.720 [main] INFO  com.mytravelagencyV5.FlightReservationMenu - 
Enter Origin Airport [EWR, TPA, MIA, JFK] :
2023-05-01 23:50:54.316 [main] INFO  com.mytravelagencyV5.FlightReservationMenu - Enter Destination Airport [EWR, TPA, MIA, JFK] :
2023-05-01 23:50:55.325 [main] INFO  com.mytravelagencyV5.Main - Enter departure date (yyyy-MM-dd) : 
2023-05-01 23:50:58.504 [main] INFO  com.mytravelagencyV5.Main - 
Search Results -----
2023-05-01 23:50:58.505 [main] INFO  com.mytravelagencyV5.Main - 1 | AI101 from EWR (2023-05-23T01:00:00.000Z) to MIA (2023-05-23T11:00:00.000Z) with 1 stops, $ 111.0
2023-05-01 23:50:58.505 [main] INFO  com.mytravelagencyV5.Main - 2 | AI102 from EWR (2023-05-23T02:00:00.000Z) to MIA (2023-05-23T12:00:00.000Z) with 2 stops, $ 222.0
2023-05-01 23:50:58.505 [main] INFO  com.mytravelagencyV5.Main - 3 | AI103 from EWR (2023-05-23T03:00:00.000Z) to MIA (2023-05-23T13:00:00.000Z) with 3 stops, $ 333.0
2023-05-01 23:50:58.506 [main] INFO  com.mytravelagencyV5.Main - 4 | AI104 from EWR (2023-05-23T04:00:00.000Z) to MIA (2023-05-23T14:00:00.000Z) with 4 stops, $ 444.0
2023-05-01 23:50:58.506 [main] INFO  com.mytravelagencyV5.Main - 5 | AI105 from EWR (2023-05-23T05:00:00.000Z) to MIA (2023-05-23T15:00:00.000Z) with 5 stops, $ 555.0
2023-05-01 23:50:58.506 [main] INFO  com.mytravelagencyV5.Main - 6 | UA201 from EWR (2023-05-23T06:00:00.000Z) to MIA (2023-05-23T16:00:00.000Z) with 1 stops, $ 666.0
2023-05-01 23:50:58.506 [main] INFO  com.mytravelagencyV5.Main - 7 | UA202 from EWR (2023-05-23T07:00:00.000Z) to MIA (2023-05-23T17:00:00.000Z) with 2 stops, $ 777.0
2023-05-01 23:50:58.506 [main] INFO  com.mytravelagencyV5.Main - 8 | UA203 from EWR (2023-05-23T08:00:00.000Z) to MIA (2023-05-23T18:00:00.000Z) with 3 stops, $ 888.0
2023-05-01 23:50:58.506 [main] INFO  com.mytravelagencyV5.Main - 9 | UA204 from EWR (2023-05-23T09:00:00.000Z) to MIA (2023-05-23T19:00:00.000Z) with 4 stops, $ 999.0
2023-05-01 23:50:58.506 [main] INFO  com.mytravelagencyV5.Main - 10 | UA205 from EWR (2023-05-23T10:00:00.000Z) to MIA (2023-05-23T20:00:00.000Z) with 5 stops, $ 1100.0
2023-05-01 23:50:58.507 [main] INFO  com.mytravelagencyV5.Main - 
Set Filters : 
2023-05-01 23:50:58.507 [main] INFO  com.mytravelagencyV5.Main - Enter max price : 
2023-05-01 23:51:00.715 [main] INFO  com.mytravelagencyV5.Main - Enter max number of stops : 
2023-05-01 23:51:01.766 [main] INFO  com.mytravelagencyV5.Main - 
Filtered Results -----
2023-05-01 23:51:01.766 [main] INFO  com.mytravelagencyV5.Main - 1 | AI101 from EWR (2023-05-23T01:00:00.000Z) to MIA (2023-05-23T11:00:00.000Z) with 1 stops, $ 111.0
2023-05-01 23:51:01.766 [main] INFO  com.mytravelagencyV5.Main - 2 | AI102 from EWR (2023-05-23T02:00:00.000Z) to MIA (2023-05-23T12:00:00.000Z) with 2 stops, $ 222.0
2023-05-01 23:51:01.766 [main] INFO  com.mytravelagencyV5.Main - 3 | AI103 from EWR (2023-05-23T03:00:00.000Z) to MIA (2023-05-23T13:00:00.000Z) with 3 stops, $ 333.0
2023-05-01 23:51:01.766 [main] INFO  com.mytravelagencyV5.Main - 4 | AI104 from EWR (2023-05-23T04:00:00.000Z) to MIA (2023-05-23T14:00:00.000Z) with 4 stops, $ 444.0
2023-05-01 23:51:01.767 [main] INFO  com.mytravelagencyV5.Main - 5 | UA201 from EWR (2023-05-23T06:00:00.000Z) to MIA (2023-05-23T16:00:00.000Z) with 1 stops, $ 666.0
2023-05-01 23:51:01.767 [main] INFO  com.mytravelagencyV5.Main - 6 | UA202 from EWR (2023-05-23T07:00:00.000Z) to MIA (2023-05-23T17:00:00.000Z) with 2 stops, $ 777.0
2023-05-01 23:51:01.767 [main] INFO  com.mytravelagencyV5.Main - Select your flight : 
2023-05-01 23:51:03.556 [main] INFO  com.mytravelagencyV5.Main - 
Flight Selected -----
2023-05-01 23:51:03.567 [main] INFO  com.mytravelagencyV5.Main - UA202 from EWR (2023-05-23T07:00:00.000Z) to MIA (2023-05-23T17:00:00.000Z) with 2 stops, $ 777.0
2023-05-01 23:51:03.568 [main] INFO  com.mytravelagencyV5.Main - 
Customer Name : 
2023-05-01 23:51:05.808 [main] INFO  com.mytravelagencyV5.FlightReservationMenu - Customer Email : 
2023-05-01 23:51:08.000 [main] INFO  com.mytravelagencyV5.FlightReservationMenu - Confirm Email : 
2023-05-01 23:51:14.378 [main] INFO  com.mytravelagencyV5.FlightReservationMenu - 
InputDoesNotMatchException : Email Inputs do not match !!
2023-05-01 23:51:14.378 [main] INFO  com.mytravelagencyV5.FlightReservationMenu - Enter Inputs again
2023-05-01 23:51:14.378 [main] INFO  com.mytravelagencyV5.FlightReservationMenu - Customer Email : 
2023-05-01 23:51:21.631 [main] INFO  com.mytravelagencyV5.FlightReservationMenu - Confirm Email : 
2023-05-01 23:51:24.244 [main] INFO  com.mytravelagencyV5.Main - Customer Phone : 
2023-05-01 23:51:25.950 [main] INFO  com.mytravelagencyV5.FlightReservationMenu - Select a seat : 
2023-05-01 23:51:29.551 [main] INFO  com.mytravelagencyV5.FlightReservationMenu - 
   | Seat Occupancy for flight UA202 : {Seat - A6=mg2@gmail.com, Seat - A1=mg@gmail.com}
2023-05-01 23:51:29.551 [main] INFO  com.mytravelagencyV5.FlightReservationMenu -    | Queue for upgrade to Business Class : [mg@gmail.com]
2023-05-01 23:51:29.552 [main] INFO  com.mytravelagencyV5.FlightReservationMenu - 
Do you want an upgrade to Business Class Seat: 
2023-05-01 23:51:50.005 [main] INFO  com.mytravelagencyV5.FlightReservationMenu -    | Queue for upgrade to Business Class : [mg@gmail.com, mg2@gmail.com]
2023-05-01 23:51:50.006 [main] INFO  com.mytravelagencyV5.FlightReservationMenu - 
Open new Business Class Seat for flight UA202 :
2023-05-01 23:52:08.569 [main] INFO  com.mytravelagencyV5.FlightReservationMenu -    | Seat Occupancy for flight UA202 : {Seat - A6=mg2@gmail.com, Seat - B8=mg@gmail.com}
2023-05-01 23:52:08.569 [main] INFO  com.mytravelagencyV5.FlightReservationMenu -    | Queue for upgrade to Business Class : [mg2@gmail.com]
2023-05-01 23:52:08.569 [main] INFO  com.mytravelagencyV5.Main - 
needSpecialAssistance : 
2023-05-01 23:52:37.575 [main] INFO  com.mytravelagencyV5.Main - needMealService : 
2023-05-01 23:52:38.972 [main] INFO  com.mytravelagencyV5.Main - 
Do you want to add more reservations to this trip : 
2023-05-01 23:52:51.768 [main] INFO  com.mytravelagencyV5.Main - Presenting Main Menu
2023-05-01 23:52:51.768 [main] INFO  com.mytravelagencyV5.Main - 
 Main Menu -----
 1. Flight Reservation
 2. Hotel Reservation
 3. Car Reservation
 4. Exit
 Enter your response : 
2023-05-01 23:53:00.867 [main] INFO  com.mytravelagencyV5.Main - Enter location : 
2023-05-01 23:53:08.645 [main] INFO  com.mytravelagencyV5.Main - Enter date of stay : 
2023-05-01 23:53:12.040 [main] INFO  com.mytravelagencyV5.Main - 
Search Results -----
2023-05-01 23:53:12.040 [main] INFO  com.mytravelagencyV5.Main - 
Set Filters : 
2023-05-01 23:53:12.041 [main] INFO  com.mytravelagencyV5.Main - Enter max price : 
2023-05-01 23:53:17.381 [main] INFO  com.mytravelagencyV5.Main - Enter a room type : 
2023-05-01 23:53:21.413 [main] INFO  com.mytravelagencyV5.Main - 
Filtered results: 
2023-05-01 23:53:21.413 [main] INFO  com.mytravelagencyV5.Main - 1 | Hilton at Miami with King Room on 2023-05-23 for $101.0 per night
2023-05-01 23:53:21.413 [main] INFO  com.mytravelagencyV5.Main - 2 | Hyatt at Miami with King Room on 2023-05-23 for $102.0 per night
2023-05-01 23:53:21.413 [main] INFO  com.mytravelagencyV5.Main - 3 | Marriot at Miami with King Room on 2023-05-23 for $103.0 per night
2023-05-01 23:53:21.413 [main] INFO  com.mytravelagencyV5.Main - 4 | HolidayInn at Miami with King Room on 2023-05-23 for $104.0 per night
2023-05-01 23:53:21.413 [main] INFO  com.mytravelagencyV5.Main - Select your hotel : 
2023-05-01 23:53:23.608 [main] INFO  com.mytravelagencyV5.Main - Hotel Selected
2023-05-01 23:53:23.608 [main] INFO  com.mytravelagencyV5.Main - 
Hotel Selected -----
2023-05-01 23:53:23.608 [main] INFO  com.mytravelagencyV5.Main - Hotel Selected: Hyatt at Miami with King Room on 2023-05-23 for $102.0 per night
2023-05-01 23:53:23.609 [main] INFO  com.mytravelagencyV5.Main - 
Customer Name : 
2023-05-01 23:54:24.083 [main] INFO  com.mytravelagencyV5.MenuHelper - Customer Email : 
2023-05-01 23:54:26.894 [main] INFO  com.mytravelagencyV5.MenuHelper - Confirm Email : 
2023-05-01 23:54:30.520 [main] INFO  com.mytravelagencyV5.Main - Customer Phone : 
2023-05-01 23:54:31.882 [main] INFO  com.mytravelagencyV5.Main - 
needFreeBreakfast : 
2023-05-01 23:54:33.776 [main] INFO  com.mytravelagencyV5.Main - needFreeInternet : 
2023-05-01 23:54:35.303 [main] INFO  com.mytravelagencyV5.Main - 
Hotel is reserved: 
Hotel Reservation Id : 52560a59-619d-407b-b449-e40e0aa227a2 -----
Hyatt at Miami with King Room on 2023-05-23 for $102.0 per night
Customer : mohit | mg@gmail.com | 1234
Additional Services : 
 needFreeBreakfast : false
 freeInternet : true
2023-05-01 23:54:35.303 [main] INFO  com.mytravelagencyV5.Main - 
Do you want to add more reservations to this trip : 
2023-05-01 23:58:12.963 [main] INFO  com.mytravelagencyV5.Main - Presenting Main Menu
2023-05-01 23:58:12.964 [main] INFO  com.mytravelagencyV5.Main - 
 Main Menu -----
 1. Flight Reservation
 2. Hotel Reservation
 3. Car Reservation
 4. Exit
 Enter your response : 
2023-05-01 23:58:15.175 [main] INFO  com.mytravelagencyV5.Main - Enter location : 
2023-05-01 23:58:16.977 [main] INFO  com.mytravelagencyV5.Main - Enter date of stay : 
2023-05-01 23:58:19.539 [main] INFO  com.mytravelagencyV5.Main - 
Search Results -----
2023-05-01 23:58:19.540 [main] INFO  com.mytravelagencyV5.Main - 
Set Filters : 
2023-05-01 23:58:19.540 [main] INFO  com.mytravelagencyV5.Main - Enter max price : 
2023-05-01 23:58:24.845 [main] INFO  com.mytravelagencyV5.Main - Enter a room type : 
2023-05-01 23:58:27.272 [main] INFO  com.mytravelagencyV5.Main - 
Filtered results: 
2023-05-01 23:58:27.272 [main] INFO  com.mytravelagencyV5.Main - 1 | Hilton at Miami with King Room on 2023-05-23 for $101.0 per night
2023-05-01 23:58:27.272 [main] INFO  com.mytravelagencyV5.Main - 2 | Hyatt at Miami with King Room on 2023-05-23 for $102.0 per night
2023-05-01 23:58:27.272 [main] INFO  com.mytravelagencyV5.Main - 3 | Marriot at Miami with King Room on 2023-05-23 for $103.0 per night
2023-05-01 23:58:27.272 [main] INFO  com.mytravelagencyV5.Main - 4 | HolidayInn at Miami with King Room on 2023-05-23 for $104.0 per night
2023-05-01 23:58:27.272 [main] INFO  com.mytravelagencyV5.Main - Select your hotel : 
2023-05-01 23:58:28.994 [main] INFO  com.mytravelagencyV5.Main - 
Hotel Selected -----
2023-05-01 23:58:28.995 [main] INFO  com.mytravelagencyV5.Main - Hyatt at Miami with King Room on 2023-05-23 for $102.0 per night
2023-05-01 23:58:28.996 [main] INFO  com.mytravelagencyV5.Main - 
Customer Name : 
2023-05-01 23:58:33.537 [main] INFO  com.mytravelagencyV5.MenuHelper - Customer Email : 
2023-05-01 23:58:35.959 [main] INFO  com.mytravelagencyV5.MenuHelper - Confirm Email : 
2023-05-01 23:58:40.875 [main] INFO  com.mytravelagencyV5.Main - Customer Phone : 
2023-05-01 23:58:42.425 [main] INFO  com.mytravelagencyV5.Main - 
needFreeBreakfast : 
2023-05-01 23:58:44.843 [main] INFO  com.mytravelagencyV5.Main - needFreeInternet : 
2023-05-01 23:58:46.062 [main] INFO  com.mytravelagencyV5.Main - 
Do you want to add more reservations to this trip : 
2023-05-01 23:58:54.266 [main] INFO  com.mytravelagencyV5.Main - Presenting Main Menu
2023-05-01 23:58:54.267 [main] INFO  com.mytravelagencyV5.Main - 
 Main Menu -----
 1. Flight Reservation
 2. Hotel Reservation
 3. Car Reservation
 4. Exit
 Enter your response : 
2023-05-01 23:58:57.192 [main] INFO  com.mytravelagencyV5.Main - Enter location : 
2023-05-01 23:58:59.512 [main] INFO  com.mytravelagencyV5.Main - Enter date of stay : 
2023-05-01 23:59:02.492 [main] INFO  com.mytravelagencyV5.Main - 
Search Results -----
2023-05-01 23:59:02.492 [main] INFO  com.mytravelagencyV5.Main - 
Set Filters : 
2023-05-01 23:59:02.492 [main] INFO  com.mytravelagencyV5.Main - Enter max price : 
2023-05-01 23:59:05.738 [main] INFO  com.mytravelagencyV5.Main - Enter a room type : 
2023-05-01 23:59:07.931 [main] INFO  com.mytravelagencyV5.Main - 
Filtered results: 
2023-05-01 23:59:07.931 [main] INFO  com.mytravelagencyV5.Main - 1 | Hilton at Miami with Queen Room on 2023-05-23 for $101.0 per night
2023-05-01 23:59:07.931 [main] INFO  com.mytravelagencyV5.Main - 2 | Hyatt at Miami with Queen Room on 2023-05-23 for $102.0 per night
2023-05-01 23:59:07.932 [main] INFO  com.mytravelagencyV5.Main - 3 | Marriot at Miami with Queen Room on 2023-05-23 for $103.0 per night
2023-05-01 23:59:07.932 [main] INFO  com.mytravelagencyV5.Main - 4 | HamptonInn at Miami with Queen Room on 2023-05-23 for $105.0 per night
2023-05-01 23:59:07.932 [main] INFO  com.mytravelagencyV5.Main - 5 | Sheraton at Miami with Queen Room on 2023-05-23 for $106.0 per night
2023-05-01 23:59:07.932 [main] INFO  com.mytravelagencyV5.Main - Select your hotel : 
2023-05-01 23:59:11.039 [main] INFO  com.mytravelagencyV5.Main - 
Hotel Selected -----
2023-05-01 23:59:11.039 [main] INFO  com.mytravelagencyV5.Main - Sheraton at Miami with Queen Room on 2023-05-23 for $106.0 per night
2023-05-01 23:59:11.040 [main] INFO  com.mytravelagencyV5.Main - 
Customer Name : 
2023-05-01 23:59:13.719 [main] INFO  com.mytravelagencyV5.MenuHelper - Customer Email : 
2023-05-01 23:59:17.198 [main] INFO  com.mytravelagencyV5.MenuHelper - Confirm Email : 
2023-05-01 23:59:19.745 [main] INFO  com.mytravelagencyV5.Main - Customer Phone : 
2023-05-01 23:59:22.686 [main] INFO  com.mytravelagencyV5.Main - 
needFreeBreakfast : 
2023-05-01 23:59:24.495 [main] INFO  com.mytravelagencyV5.Main - needFreeInternet : 
2023-05-01 23:59:25.827 [main] INFO  com.mytravelagencyV5.Main - 
Do you want to add more reservations to this trip : 
2023-05-01 23:59:32.432 [main] INFO  com.mytravelagencyV5.Main - Presenting Main Menu
2023-05-01 23:59:32.433 [main] INFO  com.mytravelagencyV5.Main - 
 Main Menu -----
 1. Flight Reservation
 2. Hotel Reservation
 3. Car Reservation
 4. Exit
 Enter your response : 
2023-05-01 23:59:33.344 [main] INFO  com.mytravelagencyV5.Main - 
Flight Reservation started -----
2023-05-01 23:59:33.345 [main] INFO  com.mytravelagencyV5.FlightReservationMenu - 
Enter Origin Airport [EWR, TPA, MIA, JFK] :
2023-05-01 23:59:36.012 [main] INFO  com.mytravelagencyV5.FlightReservationMenu - Enter Destination Airport [EWR, TPA, MIA, JFK] :
2023-05-01 23:59:36.790 [main] INFO  com.mytravelagencyV5.Main - Enter departure date (yyyy-MM-dd) : 
2023-05-01 23:59:41.551 [main] INFO  com.mytravelagencyV5.Main - 
Search Results -----
2023-05-01 23:59:41.551 [main] INFO  com.mytravelagencyV5.Main - 1 | AI101 from EWR (2023-05-23T01:00:00.000Z) to MIA (2023-05-23T11:00:00.000Z) with 1 stops, $ 111.0
2023-05-01 23:59:41.551 [main] INFO  com.mytravelagencyV5.Main - 2 | AI102 from EWR (2023-05-23T02:00:00.000Z) to MIA (2023-05-23T12:00:00.000Z) with 2 stops, $ 222.0
2023-05-01 23:59:41.551 [main] INFO  com.mytravelagencyV5.Main - 3 | AI103 from EWR (2023-05-23T03:00:00.000Z) to MIA (2023-05-23T13:00:00.000Z) with 3 stops, $ 333.0
2023-05-01 23:59:41.551 [main] INFO  com.mytravelagencyV5.Main - 4 | AI104 from EWR (2023-05-23T04:00:00.000Z) to MIA (2023-05-23T14:00:00.000Z) with 4 stops, $ 444.0
2023-05-01 23:59:41.551 [main] INFO  com.mytravelagencyV5.Main - 5 | AI105 from EWR (2023-05-23T05:00:00.000Z) to MIA (2023-05-23T15:00:00.000Z) with 5 stops, $ 555.0
2023-05-01 23:59:41.552 [main] INFO  com.mytravelagencyV5.Main - 6 | UA201 from EWR (2023-05-23T06:00:00.000Z) to MIA (2023-05-23T16:00:00.000Z) with 1 stops, $ 666.0
2023-05-01 23:59:41.552 [main] INFO  com.mytravelagencyV5.Main - 7 | UA202 from EWR (2023-05-23T07:00:00.000Z) to MIA (2023-05-23T17:00:00.000Z) with 2 stops, $ 777.0
2023-05-01 23:59:41.552 [main] INFO  com.mytravelagencyV5.Main - 8 | UA203 from EWR (2023-05-23T08:00:00.000Z) to MIA (2023-05-23T18:00:00.000Z) with 3 stops, $ 888.0
2023-05-01 23:59:41.552 [main] INFO  com.mytravelagencyV5.Main - 9 | UA204 from EWR (2023-05-23T09:00:00.000Z) to MIA (2023-05-23T19:00:00.000Z) with 4 stops, $ 999.0
2023-05-01 23:59:41.552 [main] INFO  com.mytravelagencyV5.Main - 10 | UA205 from EWR (2023-05-23T10:00:00.000Z) to MIA (2023-05-23T20:00:00.000Z) with 5 stops, $ 1100.0
2023-05-01 23:59:41.552 [main] INFO  com.mytravelagencyV5.Main - 
Set Filters : 
2023-05-01 23:59:41.552 [main] INFO  com.mytravelagencyV5.Main - Enter max price : 
2023-05-01 23:59:43.915 [main] INFO  com.mytravelagencyV5.Main - Enter max number of stops : 
2023-05-01 23:59:44.953 [main] INFO  com.mytravelagencyV5.Main - 
Filtered Results -----
2023-05-01 23:59:44.953 [main] INFO  com.mytravelagencyV5.Main - 1 | AI101 from EWR (2023-05-23T01:00:00.000Z) to MIA (2023-05-23T11:00:00.000Z) with 1 stops, $ 111.0
2023-05-01 23:59:44.953 [main] INFO  com.mytravelagencyV5.Main - 2 | AI102 from EWR (2023-05-23T02:00:00.000Z) to MIA (2023-05-23T12:00:00.000Z) with 2 stops, $ 222.0
2023-05-01 23:59:44.953 [main] INFO  com.mytravelagencyV5.Main - Select your flight : 
2023-05-01 23:59:46.685 [main] INFO  com.mytravelagencyV5.Main - 
Flight Selected -----
2023-05-01 23:59:46.695 [main] INFO  com.mytravelagencyV5.Main - AI102 from EWR (2023-05-23T02:00:00.000Z) to MIA (2023-05-23T12:00:00.000Z) with 2 stops, $ 222.0
2023-05-01 23:59:46.695 [main] INFO  com.mytravelagencyV5.Main - 
Customer Name : 
2023-05-01 23:59:49.858 [main] INFO  com.mytravelagencyV5.FlightReservationMenu - Customer Email : 
2023-05-01 23:59:54.397 [main] INFO  com.mytravelagencyV5.FlightReservationMenu - Confirm Email : 
2023-05-01 23:59:56.476 [main] INFO  com.mytravelagencyV5.Main - Customer Phone : 
2023-05-01 23:59:59.518 [main] INFO  com.mytravelagencyV5.FlightReservationMenu - Select a seat : 
