2023-05-02 00:00:02.553 [main] INFO  com.mytravelagencyV5.FlightReservationMenu - 
   | Seat Occupancy for flight AI102 : {Seat - A2=gupta@gmail.com, Seat - A1=mg@gmail.com}
2023-05-02 00:00:02.557 [main] INFO  com.mytravelagencyV5.FlightReservationMenu -    | Queue for upgrade to Business Class : [mg@gmail.com]
2023-05-02 00:00:02.558 [main] INFO  com.mytravelagencyV5.FlightReservationMenu - 
Do you want an upgrade to Business Class Seat: 
2023-05-02 00:00:05.847 [main] INFO  com.mytravelagencyV5.FlightReservationMenu -    | Queue for upgrade to Business Class : [mg@gmail.com, gupta@gmail.com]
2023-05-02 00:00:05.847 [main] INFO  com.mytravelagencyV5.FlightReservationMenu - 
Open new Business Class Seat for flight AI102 :
2023-05-02 00:00:08.831 [main] INFO  com.mytravelagencyV5.FlightReservationMenu -    | Seat Occupancy for flight AI102 : {Seat - A2=gupta@gmail.com, Seat - B5=mg@gmail.com}
2023-05-02 00:00:08.832 [main] INFO  com.mytravelagencyV5.FlightReservationMenu -    | Queue for upgrade to Business Class : [gupta@gmail.com]
2023-05-02 00:00:08.832 [main] INFO  com.mytravelagencyV5.Main - 
needSpecialAssistance : 
2023-05-02 00:00:11.266 [main] INFO  com.mytravelagencyV5.Main - needMealService : 
2023-05-02 00:00:16.547 [main] INFO  com.mytravelagencyV5.Main - 
Do you want to add more reservations to this trip : 
2023-05-02 00:01:55.583 [main] INFO  com.mytravelagencyV5.Main - Presenting Main Menu
2023-05-02 00:01:55.584 [main] INFO  com.mytravelagencyV5.Main - 
 Main Menu -----
 1. Flight Reservation
 2. Hotel Reservation
 3. Car Reservation
 4. Exit
 Enter your response : 
2023-05-02 00:02:04.269 [main] INFO  com.mytravelagencyV5.Main - Enter location : 
2023-05-02 00:02:07.494 [main] INFO  com.mytravelagencyV5.Main - Enter pickupDate : 
2023-05-02 00:02:10.703 [main] INFO  com.mytravelagencyV5.Main - Enter dropOffDate : 
2023-05-02 00:02:15.417 [main] INFO  com.mytravelagencyV5.Main - 
Search Results -----
2023-05-02 00:02:15.418 [main] INFO  com.mytravelagencyV5.Main - 1 | Booked Sedan at Miami (2023-05-23 - 2023-05-26) for $30.0 per day
2023-05-02 00:02:15.418 [main] INFO  com.mytravelagencyV5.Main - 2 | Booked Minivan at Miami (2023-05-23 - 2023-05-26) for $40.0 per day
2023-05-02 00:02:15.419 [main] INFO  com.mytravelagencyV5.Main - 3 | Booked SUV at Miami (2023-05-23 - 2023-05-26) for $25.0 per day
2023-05-02 00:02:15.419 [main] INFO  com.mytravelagencyV5.Main - 4 | Booked SUV at Miami (2023-05-23 - 2023-05-26) for $35.0 per day
2023-05-02 00:02:15.419 [main] INFO  com.mytravelagencyV5.Main - 
Set Filters : 
2023-05-02 00:02:15.419 [main] INFO  com.mytravelagencyV5.Main - Enter max price : 
2023-05-02 00:02:20.383 [main] INFO  com.mytravelagencyV5.Main - Enter a carType : 
2023-05-02 00:02:24.796 [main] INFO  com.mytravelagencyV5.Main - 
Filtered results: 
2023-05-02 00:02:24.797 [main] INFO  com.mytravelagencyV5.Main - 1 | Booked SUV at Miami (2023-05-23 - 2023-05-26) for $25.0 per day
2023-05-02 00:02:24.797 [main] INFO  com.mytravelagencyV5.Main - Select your car : 
2023-05-02 00:02:33.589 [main] INFO  com.mytravelagencyV5.Main - Flight Selected: Booked SUV at Miami (2023-05-23 - 2023-05-26) for $25.0 per day
2023-05-02 00:02:33.590 [main] INFO  com.mytravelagencyV5.Main - 
Customer Name : 
2023-05-02 00:06:58.603 [main] INFO  com.mytravelagencyV5.MenuHelper - Customer Email : 
2023-05-02 00:07:02.520 [main] INFO  com.mytravelagencyV5.MenuHelper - Confirm Email : 
2023-05-02 00:07:04.494 [main] INFO  com.mytravelagencyV5.Main - Customer Phone : 
2023-05-02 00:07:05.350 [main] INFO  com.mytravelagencyV5.Main - 
needCarSeat : 
2023-05-02 00:07:07.145 [main] INFO  com.mytravelagencyV5.Main - 
Car is reserved: 
Car Reservation Id : 29499c2d-d837-4b90-a547-1baeef1ffc15 -----
Booked SUV at Miami (2023-05-23 - 2023-05-26) for $25.0 per day
Customer : mohit | mg@gmail.com | 1234
Additional Services : 
 needCarSeat : true
2023-05-02 00:07:07.145 [main] INFO  com.mytravelagencyV5.Main - 
Do you want to add more reservations to this trip : 
2023-05-02 00:07:52.473 [main] INFO  com.mytravelagencyV5.Main - Presenting Main Menu
2023-05-02 00:07:52.474 [main] INFO  com.mytravelagencyV5.Main - 
 Main Menu -----
 1. Flight Reservation
 2. Hotel Reservation
 3. Car Reservation
 4. Exit
 Enter your response : 
2023-05-02 00:07:55.163 [main] INFO  com.mytravelagencyV5.Main - 
Car Reservation started -----
2023-05-02 00:07:55.164 [main] INFO  com.mytravelagencyV5.Main - Enter location : 
2023-05-02 00:07:57.357 [main] INFO  com.mytravelagencyV5.Main - Enter pickupDate : 
2023-05-02 00:08:00.189 [main] INFO  com.mytravelagencyV5.Main - Enter dropOffDate : 
2023-05-02 00:08:03.968 [main] INFO  com.mytravelagencyV5.Main - 
Search Results -----
2023-05-02 00:08:03.968 [main] INFO  com.mytravelagencyV5.Main - 1 | Booked Sedan at Miami (2023-05-23 - 2023-05-26) for $30.0 per day
2023-05-02 00:08:03.969 [main] INFO  com.mytravelagencyV5.Main - 2 | Booked Minivan at Miami (2023-05-23 - 2023-05-26) for $40.0 per day
2023-05-02 00:08:03.969 [main] INFO  com.mytravelagencyV5.Main - 3 | Booked SUV at Miami (2023-05-23 - 2023-05-26) for $25.0 per day
2023-05-02 00:08:03.969 [main] INFO  com.mytravelagencyV5.Main - 4 | Booked SUV at Miami (2023-05-23 - 2023-05-26) for $35.0 per day
2023-05-02 00:08:03.969 [main] INFO  com.mytravelagencyV5.Main - 
Set Filters : 
2023-05-02 00:08:03.969 [main] INFO  com.mytravelagencyV5.Main - Enter max price : 
2023-05-02 00:08:08.628 [main] INFO  com.mytravelagencyV5.Main - Enter a carType : 
2023-05-02 00:08:16.875 [main] INFO  com.mytravelagencyV5.Main - 
Filtered results: 
2023-05-02 00:08:16.876 [main] INFO  com.mytravelagencyV5.Main - 1 | Booked SUV at Miami (2023-05-23 - 2023-05-26) for $25.0 per day
2023-05-02 00:08:16.876 [main] INFO  com.mytravelagencyV5.Main - Select your car : 
2023-05-02 00:08:18.678 [main] INFO  com.mytravelagencyV5.Main - 
Car Selected -----
2023-05-02 00:08:18.678 [main] INFO  com.mytravelagencyV5.Main - Booked SUV at Miami (2023-05-23 - 2023-05-26) for $25.0 per day
2023-05-02 00:08:18.679 [main] INFO  com.mytravelagencyV5.Main - 
Customer Name : 
2023-05-02 00:08:30.436 [main] INFO  com.mytravelagencyV5.MenuHelper - Customer Email : 
2023-05-02 00:08:33.679 [main] INFO  com.mytravelagencyV5.MenuHelper - Confirm Email : 
2023-05-02 00:08:36.489 [main] INFO  com.mytravelagencyV5.Main - Customer Phone : 
2023-05-02 00:08:37.593 [main] INFO  com.mytravelagencyV5.Main - 
needCarSeat : 
2023-05-02 00:08:39.687 [main] INFO  com.mytravelagencyV5.Main - 
Do you want to add more reservations to this trip : 
2023-05-02 00:10:09.118 [main] INFO  com.mytravelagencyV5.Main - Presenting Main Menu
2023-05-02 00:10:09.120 [main] INFO  com.mytravelagencyV5.Main - 
 Main Menu -----
 1. Flight Reservation
 2. Hotel Reservation
 3. Car Reservation
 4. Exit
 Enter your response : 
2023-05-02 00:10:15.903 [main] INFO  com.mytravelagencyV5.Main - 
Car Reservation started -----
2023-05-02 00:10:15.904 [main] INFO  com.mytravelagencyV5.Main - Enter location : 
2023-05-02 00:10:17.870 [main] INFO  com.mytravelagencyV5.Main - Enter pickupDate : 
2023-05-02 00:10:20.179 [main] INFO  com.mytravelagencyV5.Main - Enter dropOffDate : 
2023-05-02 00:10:23.099 [main] INFO  com.mytravelagencyV5.Main - 
Search Results -----
2023-05-02 00:10:23.100 [main] INFO  com.mytravelagencyV5.Main - 1 | Sedan at Miami (2023-05-23 - 2023-05-26) for $30.0 per day
2023-05-02 00:10:23.101 [main] INFO  com.mytravelagencyV5.Main - 2 | Minivan at Miami (2023-05-23 - 2023-05-26) for $40.0 per day
2023-05-02 00:10:23.101 [main] INFO  com.mytravelagencyV5.Main - 3 | SUV at Miami (2023-05-23 - 2023-05-26) for $25.0 per day
2023-05-02 00:10:23.101 [main] INFO  com.mytravelagencyV5.Main - 4 | SUV at Miami (2023-05-23 - 2023-05-26) for $35.0 per day
2023-05-02 00:10:23.101 [main] INFO  com.mytravelagencyV5.Main - 
Set Filters : 
2023-05-02 00:10:23.101 [main] INFO  com.mytravelagencyV5.Main - Enter max price : 
2023-05-02 00:10:29.353 [main] INFO  com.mytravelagencyV5.Main - Enter a carType : 
2023-05-02 00:10:31.669 [main] INFO  com.mytravelagencyV5.Main - 
Filtered results: 
2023-05-02 00:10:31.669 [main] INFO  com.mytravelagencyV5.Main - 1 | Sedan at Miami (2023-05-23 - 2023-05-26) for $30.0 per day
2023-05-02 00:10:31.670 [main] INFO  com.mytravelagencyV5.Main - Select your car : 
2023-05-02 00:10:35.428 [main] INFO  com.mytravelagencyV5.Main - 
Car Selected -----
2023-05-02 00:10:35.428 [main] INFO  com.mytravelagencyV5.Main - Sedan at Miami (2023-05-23 - 2023-05-26) for $30.0 per day
2023-05-02 00:10:35.429 [main] INFO  com.mytravelagencyV5.Main - 
Customer Name : 
2023-05-02 00:10:40.005 [main] INFO  com.mytravelagencyV5.MenuHelper - Customer Email : 
2023-05-02 00:10:46.876 [main] INFO  com.mytravelagencyV5.MenuHelper - Confirm Email : 
2023-05-02 00:10:49.367 [main] INFO  com.mytravelagencyV5.Main - Customer Phone : 
2023-05-02 00:10:50.671 [main] INFO  com.mytravelagencyV5.Main - 
needCarSeat : 
2023-05-02 00:10:52.217 [main] INFO  com.mytravelagencyV5.Main - 
Do you want to add more reservations to this trip : 
2023-05-02 00:15:26.374 [main] INFO  com.mytravelagencyV5.Main - Presenting Main Menu
2023-05-02 00:15:26.375 [main] INFO  com.mytravelagencyV5.Main - 
 Main Menu -----
 1. Flight Reservation
 2. Hotel Reservation
 3. Car Reservation
 4. Exit
 Enter your response : 
2023-05-02 00:15:28.843 [main] INFO  com.mytravelagencyV5.Main - 
Flight Reservation started -----
2023-05-02 00:15:28.846 [main] INFO  com.mytravelagencyV5.FlightReservationMenu - 
Enter Origin Airport [EWR, TPA, MIA, JFK] :
2023-05-02 00:15:32.079 [main] INFO  com.mytravelagencyV5.FlightReservationMenu - Enter Destination Airport [EWR, TPA, MIA, JFK] :
2023-05-02 00:15:33.243 [main] INFO  com.mytravelagencyV5.Main - Enter departure date (yyyy-MM-dd) : 
2023-05-02 00:15:37.126 [main] INFO  com.mytravelagencyV5.Main - 
Search Results -----
2023-05-02 00:15:37.127 [main] INFO  com.mytravelagencyV5.Main - 1 | AI101 from EWR (2023-05-23T01:00:00.000Z) to MIA (2023-05-23T11:00:00.000Z) with 1 stops, $ 111.0
2023-05-02 00:15:37.127 [main] INFO  com.mytravelagencyV5.Main - 2 | AI102 from EWR (2023-05-23T02:00:00.000Z) to MIA (2023-05-23T12:00:00.000Z) with 2 stops, $ 222.0
2023-05-02 00:15:37.127 [main] INFO  com.mytravelagencyV5.Main - 3 | AI103 from EWR (2023-05-23T03:00:00.000Z) to MIA (2023-05-23T13:00:00.000Z) with 3 stops, $ 333.0
2023-05-02 00:15:37.127 [main] INFO  com.mytravelagencyV5.Main - 4 | AI104 from EWR (2023-05-23T04:00:00.000Z) to MIA (2023-05-23T14:00:00.000Z) with 4 stops, $ 444.0
2023-05-02 00:15:37.128 [main] INFO  com.mytravelagencyV5.Main - 5 | AI105 from EWR (2023-05-23T05:00:00.000Z) to MIA (2023-05-23T15:00:00.000Z) with 5 stops, $ 555.0
2023-05-02 00:15:37.128 [main] INFO  com.mytravelagencyV5.Main - 6 | UA201 from EWR (2023-05-23T06:00:00.000Z) to MIA (2023-05-23T16:00:00.000Z) with 1 stops, $ 666.0
2023-05-02 00:15:37.128 [main] INFO  com.mytravelagencyV5.Main - 7 | UA202 from EWR (2023-05-23T07:00:00.000Z) to MIA (2023-05-23T17:00:00.000Z) with 2 stops, $ 777.0
2023-05-02 00:15:37.128 [main] INFO  com.mytravelagencyV5.Main - 8 | UA203 from EWR (2023-05-23T08:00:00.000Z) to MIA (2023-05-23T18:00:00.000Z) with 3 stops, $ 888.0
2023-05-02 00:15:37.128 [main] INFO  com.mytravelagencyV5.Main - 9 | UA204 from EWR (2023-05-23T09:00:00.000Z) to MIA (2023-05-23T19:00:00.000Z) with 4 stops, $ 999.0
2023-05-02 00:15:37.128 [main] INFO  com.mytravelagencyV5.Main - 10 | UA205 from EWR (2023-05-23T10:00:00.000Z) to MIA (2023-05-23T20:00:00.000Z) with 5 stops, $ 1100.0
2023-05-02 00:15:37.128 [main] INFO  com.mytravelagencyV5.Main - 
Set Filters : 
2023-05-02 00:15:37.128 [main] INFO  com.mytravelagencyV5.Main - Enter max price : 
2023-05-02 00:15:39.221 [main] INFO  com.mytravelagencyV5.Main - Enter max number of stops : 
2023-05-02 00:15:40.789 [main] INFO  com.mytravelagencyV5.Main - 
Filtered Results -----
2023-05-02 00:15:40.790 [main] INFO  com.mytravelagencyV5.Main - 1 | AI101 from EWR (2023-05-23T01:00:00.000Z) to MIA (2023-05-23T11:00:00.000Z) with 1 stops, $ 111.0
2023-05-02 00:15:40.790 [main] INFO  com.mytravelagencyV5.Main - 2 | AI102 from EWR (2023-05-23T02:00:00.000Z) to MIA (2023-05-23T12:00:00.000Z) with 2 stops, $ 222.0
2023-05-02 00:15:40.790 [main] INFO  com.mytravelagencyV5.Main - Select your flight : 
2023-05-02 00:15:41.864 [main] INFO  com.mytravelagencyV5.Main - 
Flight Selected -----
2023-05-02 00:15:41.865 [main] INFO  com.mytravelagencyV5.Main - AI102 from EWR (2023-05-23T02:00:00.000Z) to MIA (2023-05-23T12:00:00.000Z) with 2 stops, $ 222.0
2023-05-02 00:15:41.865 [main] INFO  com.mytravelagencyV5.Main - 
Customer Name : 
2023-05-02 00:15:44.018 [main] INFO  com.mytravelagencyV5.FlightReservationMenu - Customer Email : 
2023-05-02 00:15:49.840 [main] INFO  com.mytravelagencyV5.FlightReservationMenu - Confirm Email : 
2023-05-02 00:15:53.377 [main] INFO  com.mytravelagencyV5.Main - Customer Phone : 
2023-05-02 00:15:54.692 [main] INFO  com.mytravelagencyV5.FlightReservationMenu - Select a seat : 
2023-05-02 00:15:57.396 [main] INFO  com.mytravelagencyV5.FlightReservationMenu - 
   | Seat Occupancy for flight AI102 : {Seat - A7=gupta@gmail.com, Seat - A1=mg@gmail.com}
2023-05-02 00:15:57.396 [main] INFO  com.mytravelagencyV5.FlightReservationMenu -    | Queue for upgrade to Business Class : [mg@gmail.com]
2023-05-02 00:15:57.396 [main] INFO  com.mytravelagencyV5.FlightReservationMenu - 
Do you want an upgrade to Business Class Seat: 
2023-05-02 00:16:03.715 [main] INFO  com.mytravelagencyV5.FlightReservationMenu -    | Queue for upgrade to Business Class : [mg@gmail.com, gupta@gmail.com]
2023-05-02 00:16:03.715 [main] INFO  com.mytravelagencyV5.FlightReservationMenu - 
Open new Business Class Seat for flight AI102 :
2023-05-02 00:16:03.827 [main] INFO  com.mytravelagencyV5.FlightReservationMenu -    | Seat Occupancy for flight AI102 : {Seat - A7=gupta@gmail.com, Seat - =mg@gmail.com}
2023-05-02 00:16:03.827 [main] INFO  com.mytravelagencyV5.FlightReservationMenu -    | Queue for upgrade to Business Class : [gupta@gmail.com]
2023-05-02 00:16:03.827 [main] INFO  com.mytravelagencyV5.Main - 
needSpecialAssistance : 
2023-05-02 00:16:17.018 [main] INFO  com.mytravelagencyV5.Main - needMealService : 
2023-05-02 00:16:22.287 [main] INFO  com.mytravelagencyV5.Main - Presenting Main Menu
2023-05-02 00:16:22.288 [main] INFO  com.mytravelagencyV5.Main - 
 Main Menu -----
 1. Flight Reservation
 2. Hotel Reservation
 3. Car Reservation
 4. Exit
 Enter your response : 
2023-05-02 00:16:23.386 [main] INFO  com.mytravelagencyV5.Main - 
Flight Reservation started -----
2023-05-02 00:16:23.388 [main] INFO  com.mytravelagencyV5.FlightReservationMenu - 
Enter Origin Airport [EWR, TPA, MIA, JFK] :
2023-05-02 00:16:24.826 [main] INFO  com.mytravelagencyV5.FlightReservationMenu - Enter Destination Airport [EWR, TPA, MIA, JFK] :
2023-05-02 00:16:25.614 [main] INFO  com.mytravelagencyV5.Main - Enter departure date (yyyy-MM-dd) : 
2023-05-02 00:16:28.223 [main] INFO  com.mytravelagencyV5.Main - 
Search Results -----
2023-05-02 00:16:28.224 [main] INFO  com.mytravelagencyV5.Main - 1 | AI101 from EWR (2023-05-23T01:00:00.000Z) to MIA (2023-05-23T11:00:00.000Z) with 1 stops, $ 111.0
2023-05-02 00:16:28.224 [main] INFO  com.mytravelagencyV5.Main - 2 | AI102 from EWR (2023-05-23T02:00:00.000Z) to MIA (2023-05-23T12:00:00.000Z) with 2 stops, $ 222.0
2023-05-02 00:16:28.224 [main] INFO  com.mytravelagencyV5.Main - 3 | AI103 from EWR (2023-05-23T03:00:00.000Z) to MIA (2023-05-23T13:00:00.000Z) with 3 stops, $ 333.0
2023-05-02 00:16:28.224 [main] INFO  com.mytravelagencyV5.Main - 4 | AI104 from EWR (2023-05-23T04:00:00.000Z) to MIA (2023-05-23T14:00:00.000Z) with 4 stops, $ 444.0
2023-05-02 00:16:28.225 [main] INFO  com.mytravelagencyV5.Main - 5 | AI105 from EWR (2023-05-23T05:00:00.000Z) to MIA (2023-05-23T15:00:00.000Z) with 5 stops, $ 555.0
2023-05-02 00:16:28.225 [main] INFO  com.mytravelagencyV5.Main - 6 | UA201 from EWR (2023-05-23T06:00:00.000Z) to MIA (2023-05-23T16:00:00.000Z) with 1 stops, $ 666.0
2023-05-02 00:16:28.225 [main] INFO  com.mytravelagencyV5.Main - 7 | UA202 from EWR (2023-05-23T07:00:00.000Z) to MIA (2023-05-23T17:00:00.000Z) with 2 stops, $ 777.0
2023-05-02 00:16:28.226 [main] INFO  com.mytravelagencyV5.Main - 8 | UA203 from EWR (2023-05-23T08:00:00.000Z) to MIA (2023-05-23T18:00:00.000Z) with 3 stops, $ 888.0
2023-05-02 00:16:28.226 [main] INFO  com.mytravelagencyV5.Main - 9 | UA204 from EWR (2023-05-23T09:00:00.000Z) to MIA (2023-05-23T19:00:00.000Z) with 4 stops, $ 999.0
2023-05-02 00:16:28.226 [main] INFO  com.mytravelagencyV5.Main - 10 | UA205 from EWR (2023-05-23T10:00:00.000Z) to MIA (2023-05-23T20:00:00.000Z) with 5 stops, $ 1100.0
2023-05-02 00:16:28.226 [main] INFO  com.mytravelagencyV5.Main - 
Set Filters : 
2023-05-02 00:16:28.226 [main] INFO  com.mytravelagencyV5.Main - Enter max price : 
2023-05-02 00:16:30.436 [main] INFO  com.mytravelagencyV5.Main - Enter max number of stops : 
2023-05-02 00:16:31.310 [main] INFO  com.mytravelagencyV5.Main - 
Filtered Results -----
2023-05-02 00:16:31.310 [main] INFO  com.mytravelagencyV5.Main - 1 | AI101 from EWR (2023-05-23T01:00:00.000Z) to MIA (2023-05-23T11:00:00.000Z) with 1 stops, $ 111.0
2023-05-02 00:16:31.310 [main] INFO  com.mytravelagencyV5.Main - 2 | AI102 from EWR (2023-05-23T02:00:00.000Z) to MIA (2023-05-23T12:00:00.000Z) with 2 stops, $ 222.0
2023-05-02 00:16:31.310 [main] INFO  com.mytravelagencyV5.Main - Select your flight : 
2023-05-02 00:16:32.189 [main] INFO  com.mytravelagencyV5.Main - 
Flight Selected -----
2023-05-02 00:16:32.189 [main] INFO  com.mytravelagencyV5.Main - AI102 from EWR (2023-05-23T02:00:00.000Z) to MIA (2023-05-23T12:00:00.000Z) with 2 stops, $ 222.0
2023-05-02 00:16:32.190 [main] INFO  com.mytravelagencyV5.Main - 
Customer Name : 
2023-05-02 00:16:33.787 [main] INFO  com.mytravelagencyV5.FlightReservationMenu - Customer Email : 
2023-05-02 00:16:36.181 [main] INFO  com.mytravelagencyV5.FlightReservationMenu - Confirm Email : 
2023-05-02 00:16:38.624 [main] INFO  com.mytravelagencyV5.Main - Customer Phone : 
2023-05-02 00:16:41.864 [main] INFO  com.mytravelagencyV5.FlightReservationMenu - Select a seat : 
2023-05-02 00:16:44.744 [main] INFO  com.mytravelagencyV5.FlightReservationMenu - 
   | Seat Occupancy for flight AI102 : {Seat - A7=gupta@gmail.com, Seat - A1=mg@gmail.com}
2023-05-02 00:16:44.744 [main] INFO  com.mytravelagencyV5.FlightReservationMenu -    | Queue for upgrade to Business Class : [mg@gmail.com]
2023-05-02 00:16:44.744 [main] INFO  com.mytravelagencyV5.FlightReservationMenu - 
Do you want an upgrade to Business Class Seat: 
2023-05-02 00:16:48.188 [main] INFO  com.mytravelagencyV5.FlightReservationMenu -    | Queue for upgrade to Business Class : [mg@gmail.com, gupta@gmail.com]
2023-05-02 00:16:48.188 [main] INFO  com.mytravelagencyV5.FlightReservationMenu - 
Open new Business Class Seat for flight AI102 :
2023-05-02 00:16:51.131 [main] INFO  com.mytravelagencyV5.FlightReservationMenu -    | Seat Occupancy for flight AI102 : {Seat - B5=mg@gmail.com, Seat - A7=gupta@gmail.com}
2023-05-02 00:16:51.131 [main] INFO  com.mytravelagencyV5.FlightReservationMenu -    | Queue for upgrade to Business Class : [gupta@gmail.com]
2023-05-02 00:16:51.131 [main] INFO  com.mytravelagencyV5.Main - 
needSpecialAssistance : 
2023-05-02 00:16:59.572 [main] INFO  com.mytravelagencyV5.Main - needMealService : 
2023-05-02 00:17:01.328 [main] INFO  com.mytravelagencyV5.Main - 
Do you want to add more reservations to this trip : 
2023-05-02 00:17:05.924 [main] INFO  com.mytravelagencyV5.Main - Presenting Main Menu
2023-05-02 00:17:05.924 [main] INFO  com.mytravelagencyV5.Main - 
 Main Menu -----
 1. Flight Reservation
 2. Hotel Reservation
 3. Car Reservation
 4. Exit
 Enter your response : 
2023-05-02 00:17:08.112 [main] INFO  com.mytravelagencyV5.Main - 
Hotel Reservation started -----
2023-05-02 00:17:08.112 [main] INFO  com.mytravelagencyV5.Main - Enter location : 
2023-05-02 00:17:09.465 [main] INFO  com.mytravelagencyV5.Main - Enter date of stay : 
2023-05-02 00:17:13.109 [main] INFO  com.mytravelagencyV5.Main - 
Search Results -----
2023-05-02 00:17:13.110 [main] INFO  com.mytravelagencyV5.Main - 1 | Hilton at Miami with Queen Room on 2023-05-23 for $101.0 per night
2023-05-02 00:17:13.110 [main] INFO  com.mytravelagencyV5.Main - 2 | Hilton at Miami with King Room on 2023-05-23 for $101.0 per night
2023-05-02 00:17:13.110 [main] INFO  com.mytravelagencyV5.Main - 3 | Hyatt at Miami with King Room on 2023-05-23 for $102.0 per night
2023-05-02 00:17:13.110 [main] INFO  com.mytravelagencyV5.Main - 4 | Hyatt at Miami with Queen Room on 2023-05-23 for $102.0 per night
2023-05-02 00:17:13.110 [main] INFO  com.mytravelagencyV5.Main - 5 | Marriot at Miami with Queen Room on 2023-05-23 for $103.0 per night
2023-05-02 00:17:13.110 [main] INFO  com.mytravelagencyV5.Main - 6 | Marriot at Miami with King Room on 2023-05-23 for $103.0 per night
2023-05-02 00:17:13.110 [main] INFO  com.mytravelagencyV5.Main - 7 | HolidayInn at Miami with King Room on 2023-05-23 for $104.0 per night
2023-05-02 00:17:13.110 [main] INFO  com.mytravelagencyV5.Main - 8 | HamptonInn at Miami with Queen Room on 2023-05-23 for $105.0 per night
2023-05-02 00:17:13.111 [main] INFO  com.mytravelagencyV5.Main - 9 | Sheraton at Miami with Queen Room on 2023-05-23 for $106.0 per night
2023-05-02 00:17:13.111 [main] INFO  com.mytravelagencyV5.Main - 
Set Filters : 
2023-05-02 00:17:13.111 [main] INFO  com.mytravelagencyV5.Main - Enter max price : 
2023-05-02 00:17:17.895 [main] INFO  com.mytravelagencyV5.Main - Enter a room type : 
2023-05-02 00:17:20.011 [main] INFO  com.mytravelagencyV5.Main - 
Filtered results: 
2023-05-02 00:17:20.011 [main] INFO  com.mytravelagencyV5.Main - 1 | Hilton at Miami with King Room on 2023-05-23 for $101.0 per night
2023-05-02 00:17:20.012 [main] INFO  com.mytravelagencyV5.Main - 2 | Hyatt at Miami with King Room on 2023-05-23 for $102.0 per night
2023-05-02 00:17:20.012 [main] INFO  com.mytravelagencyV5.Main - 3 | Marriot at Miami with King Room on 2023-05-23 for $103.0 per night
2023-05-02 00:17:20.012 [main] INFO  com.mytravelagencyV5.Main - 4 | HolidayInn at Miami with King Room on 2023-05-23 for $104.0 per night
2023-05-02 00:17:20.012 [main] INFO  com.mytravelagencyV5.Main - Select your hotel : 
2023-05-02 00:17:22.302 [main] INFO  com.mytravelagencyV5.Main - 
Hotel Selected -----
2023-05-02 00:17:22.303 [main] INFO  com.mytravelagencyV5.Main - Marriot at Miami with King Room on 2023-05-23 for $103.0 per night
2023-05-02 00:17:22.303 [main] INFO  com.mytravelagencyV5.Main - 
Customer Name : 
2023-05-02 00:17:26.572 [main] INFO  com.mytravelagencyV5.MenuHelper - Customer Email : 
2023-05-02 00:17:29.407 [main] INFO  com.mytravelagencyV5.MenuHelper - Confirm Email : 
2023-05-02 00:17:31.603 [main] INFO  com.mytravelagencyV5.Main - Customer Phone : 
2023-05-02 00:17:34.621 [main] INFO  com.mytravelagencyV5.Main - 
needFreeBreakfast : 
2023-05-02 00:17:37.472 [main] INFO  com.mytravelagencyV5.Main - needFreeInternet : 
2023-05-02 00:17:39.509 [main] INFO  com.mytravelagencyV5.Main - 
Do you want to add more reservations to this trip : 
2023-05-02 00:17:43.383 [main] INFO  com.mytravelagencyV5.Main - Presenting Main Menu
2023-05-02 00:17:43.383 [main] INFO  com.mytravelagencyV5.Main - 
 Main Menu -----
 1. Flight Reservation
 2. Hotel Reservation
 3. Car Reservation
 4. Exit
 Enter your response : 
2023-05-02 00:17:44.601 [main] INFO  com.mytravelagencyV5.Main - 
Car Reservation started -----
2023-05-02 00:17:44.602 [main] INFO  com.mytravelagencyV5.Main - Enter location : 
2023-05-02 00:17:46.815 [main] INFO  com.mytravelagencyV5.Main - Enter pickupDate : 
2023-05-02 00:17:49.307 [main] INFO  com.mytravelagencyV5.Main - Enter dropOffDate : 
2023-05-02 00:17:52.699 [main] INFO  com.mytravelagencyV5.Main - 
Search Results -----
2023-05-02 00:17:52.699 [main] INFO  com.mytravelagencyV5.Main - 1 | Sedan at Miami (2023-05-23 - 2023-05-26) for $30.0 per day
2023-05-02 00:17:52.699 [main] INFO  com.mytravelagencyV5.Main - 2 | Minivan at Miami (2023-05-23 - 2023-05-26) for $40.0 per day
2023-05-02 00:17:52.699 [main] INFO  com.mytravelagencyV5.Main - 3 | SUV at Miami (2023-05-23 - 2023-05-26) for $25.0 per day
2023-05-02 00:17:52.699 [main] INFO  com.mytravelagencyV5.Main - 4 | SUV at Miami (2023-05-23 - 2023-05-26) for $35.0 per day
2023-05-02 00:17:52.699 [main] INFO  com.mytravelagencyV5.Main - 
Set Filters : 
2023-05-02 00:17:52.699 [main] INFO  com.mytravelagencyV5.Main - Enter max price : 
2023-05-02 00:17:57.050 [main] INFO  com.mytravelagencyV5.Main - Enter a carType : 
2023-05-02 00:18:01.965 [main] INFO  com.mytravelagencyV5.Main - 
Filtered results: 
2023-05-02 00:18:01.965 [main] INFO  com.mytravelagencyV5.Main - 1 | Sedan at Miami (2023-05-23 - 2023-05-26) for $30.0 per day
2023-05-02 00:18:01.966 [main] INFO  com.mytravelagencyV5.Main - Select your car : 
2023-05-02 00:18:03.222 [main] INFO  com.mytravelagencyV5.Main - 
Car Selected -----
2023-05-02 00:18:03.222 [main] INFO  com.mytravelagencyV5.Main - Sedan at Miami (2023-05-23 - 2023-05-26) for $30.0 per day
2023-05-02 00:18:03.223 [main] INFO  com.mytravelagencyV5.Main - 
Customer Name : 
2023-05-02 00:18:05.546 [main] INFO  com.mytravelagencyV5.MenuHelper - Customer Email : 
2023-05-02 00:18:12.445 [main] INFO  com.mytravelagencyV5.MenuHelper - Confirm Email : 
2023-05-02 00:18:14.437 [main] INFO  com.mytravelagencyV5.MenuHelper - 
InvalidInputException : Invalid Email. Please provide correct email !!
2023-05-02 00:18:14.437 [main] INFO  com.mytravelagencyV5.MenuHelper - Enter Input again...
2023-05-02 00:18:14.438 [main] INFO  com.mytravelagencyV5.MenuHelper - Confirm Email : 
2023-05-02 00:18:19.818 [main] INFO  com.mytravelagencyV5.Main - Customer Phone : 
2023-05-02 00:18:23.784 [main] INFO  com.mytravelagencyV5.Main - 
needCarSeat : 
2023-05-02 00:18:25.999 [main] INFO  com.mytravelagencyV5.Main - 
Do you want to add more reservations to this trip : 
2023-05-02 00:18:28.465 [main] INFO  com.mytravelagencyV5.Main - 

============= Receipt ==============

----- Trip Id : 55fbe133-134d-4ac0-a551-19cb43c57fea -----

Flight Reservation Id : 9ce5688b-0d44-4637-b849-1e83361817b6 -----
AI102 from EWR (2023-05-23T02:00:00.000Z) to MIA (2023-05-23T12:00:00.000Z) with 2 stops, $ 222.0
Customer : mohit | gupta@gmail.com | 1111
Seat - A7
Additional Services : 
 needMealService : true
 needSpecialAssistance : true

Hotel Reservation Id : b6d9a866-68c9-4fdf-ba66-bec7e1482bb4 -----
Marriot at Miami with King Room on 2023-05-23 for $103.0 per night
Customer : mohit | gupta@gmail.com | 2222
Additional Services : 
 needFreeBreakfast : true
 freeInternet : true

Car Reservation Id : 25710b71-7c48-4648-9b4c-0171a5e15c84 -----
Sedan at Miami (2023-05-23 - 2023-05-26) for $30.0 per day
Customer : mohit | gupta@gmail.com | gupta@gmail.com
Additional Services : 
 needCarSeat : true

----- Total Amount : $355.55 -----
