2023-05-01 00:33:53.478 [main] INFO  com.mytravelagencyV4.Main - Presenting Main Menu
2023-05-01 00:33:57.384 [main] TRACE com.mytravelagencyV4.Main - Flight Reservation started
2023-05-01 12:16:54.271 [main] INFO  com.mytravelagencyV5.Main - Presenting Main Menu
2023-05-01 12:17:13.602 [main] TRACE com.mytravelagencyV5.Main - Flight Reservation started
2023-05-01 12:17:22.917 [main] DEBUG com.mytravelagencyV5.Main - originAirport: EWR
2023-05-01 12:18:18.992 [main] INFO  com.mytravelagencyV5.Main - Presenting Main Menu
2023-05-01 12:18:26.473 [main] TRACE com.mytravelagencyV5.Main - Flight Reservation started
2023-05-01 12:18:29.281 [main] DEBUG com.mytravelagencyV5.Main - originAirport: EWR
2023-05-01 12:18:32.634 [main] DEBUG com.mytravelagencyV5.Main - destinationAirport: MIA
2023-05-01 12:18:37.188 [main] DEBUG com.mytravelagencyV5.Main - departureDate: 2023-05-23
2023-05-01 12:18:37.194 [main] TRACE com.mytravelagencyV5.Main - Flight search results fetched
2023-05-01 12:18:41.497 [main] DEBUG com.mytravelagencyV5.Main - maxPrice: 400.0
2023-05-01 12:18:43.149 [main] DEBUG com.mytravelagencyV5.Main - maxNoOfStops: 4
2023-05-01 12:18:43.149 [main] TRACE com.mytravelagencyV5.Main - Flight search results filtered
2023-05-01 12:18:44.945 [main] DEBUG com.mytravelagencyV5.Main - Flight Selected: AI101 from EWR (2023-05-23T01:00:00.000Z) to MIA (2023-05-23T11:00:00.000Z) with 1 stops, $ 111.0
2023-05-01 12:18:44.967 [main] DEBUG com.mytravelagencyV5.Main - Flight reservation initiated : 67ce8c66-7ed0-4e3d-ba0f-f1b12c00123c
2023-05-01 12:18:48.322 [main] DEBUG com.mytravelagencyV5.Main - Customer Name: sheetal
2023-05-01 12:19:07.192 [main] DEBUG com.mytravelagencyV5.Main - Customer Email: sg@gmail.com
2023-05-01 12:19:07.958 [main] DEBUG com.mytravelagencyV5.Main - Customer Phone: 
2023-05-01 12:19:15.442 [main] DEBUG com.mytravelagencyV5.Main - Seat Selected: Seat - A2
2023-05-01 12:19:18.218 [main] DEBUG com.mytravelagencyV5.Main - needSpecialAssistance: false
2023-05-01 12:19:20.421 [main] DEBUG com.mytravelagencyV5.Main - needMealService: true
2023-05-01 12:19:20.422 [main] ERROR com.mytravelagencyV5.Main - Flight cannot be reserved. MissingInputException : !! Error... Customer Phone Number is Missing !!
2023-05-01 12:19:29.194 [main] INFO  com.mytravelagencyV5.Main - Presenting Main Menu
2023-05-01 12:20:59.452 [main] INFO  com.mytravelagencyV5.Main - Presenting Main Menu
2023-05-01 12:21:01.581 [main] TRACE com.mytravelagencyV5.Main - Flight Reservation started
2023-05-01 12:21:01.586 [main] INFO  com.mytravelagencyV5.Main - Enter Origin Airport [EWR, TPA, MIA, JFK] :
2023-05-01 12:23:48.715 [main] INFO  com.mytravelagencyV5.Main - Presenting Main Menu
2023-05-01 12:24:26.298 [main] TRACE com.mytravelagencyV5.Main - Flight Reservation started
2023-05-01 12:24:26.301 [main] INFO  com.mytravelagencyV5.Main - Enter Origin Airport [EWR, TPA, MIA, JFK] :
2023-05-01 12:24:58.089 [main] INFO  com.mytravelagencyV5.Main - Presenting Main Menu
2023-05-01 12:25:01.992 [main] TRACE com.mytravelagencyV5.Main - Flight Reservation started -
2023-05-01 12:25:01.995 [main] INFO  com.mytravelagencyV5.Main - Enter Origin Airport [EWR, TPA, MIA, JFK] :
2023-05-01 12:25:07.636 [main] DEBUG com.mytravelagencyV5.Main - originAirport: EWR
2023-05-01 12:25:07.637 [main] INFO  com.mytravelagencyV5.Main - Enter DEstination Airport [EWR, TPA, MIA, JFK] :
2023-05-01 12:25:14.491 [main] DEBUG com.mytravelagencyV5.Main - destinationAirport: MIA
2023-05-01 12:27:41.256 [main] INFO  com.mytravelagencyV5.Main - Presenting Main Menu
2023-05-01 12:27:43.790 [main] TRACE com.mytravelagencyV5.Main - Flight Reservation started -
2023-05-01 12:27:43.795 [main] INFO  com.mytravelagencyV5.Main - Enter Origin Airport [EWR, TPA, MIA, JFK] :
2023-05-01 12:27:46.953 [main] DEBUG com.mytravelagencyV5.Main - originAirport: EWR
2023-05-01 12:27:46.954 [main] INFO  com.mytravelagencyV5.Main - Enter DEstination Airport [EWR, TPA, MIA, JFK] :
2023-05-01 12:28:35.686 [main] DEBUG com.mytravelagencyV5.Main - destinationAirport: MIA
2023-05-01 12:28:44.312 [main] DEBUG com.mytravelagencyV5.Main - departureDate: 2023-05-23
2023-05-01 12:28:44.318 [main] TRACE com.mytravelagencyV5.Main - Flight search results fetched
2023-05-01 12:29:34.131 [main] INFO  com.mytravelagencyV5.Main - Presenting Main Menu
2023-05-01 12:29:36.981 [main] TRACE com.mytravelagencyV5.Main - Flight Reservation started -
2023-05-01 12:29:36.986 [main] INFO  com.mytravelagencyV5.Main - Enter Origin Airport [EWR, TPA, MIA, JFK] :
2023-05-01 12:29:40.158 [main] DEBUG com.mytravelagencyV5.Main - originAirport: EWR
2023-05-01 12:29:40.158 [main] INFO  com.mytravelagencyV5.Main - Enter DEstination Airport [EWR, TPA, MIA, JFK] :
2023-05-01 12:29:42.446 [main] DEBUG com.mytravelagencyV5.Main - destinationAirport: MIA
2023-05-01 12:29:42.446 [main] INFO  com.mytravelagencyV5.Main - Enter departure date (yyyy-MM-dd) : 
2023-05-01 12:29:47.797 [main] DEBUG com.mytravelagencyV5.Main - departureDate: 20-23-05
2023-05-01 12:29:47.802 [main] TRACE com.mytravelagencyV5.Main - Flight search results fetched
2023-05-01 12:30:03.127 [main] INFO  com.mytravelagencyV5.Main - Presenting Main Menu
2023-05-01 12:30:06.744 [main] TRACE com.mytravelagencyV5.Main - Flight Reservation started -
2023-05-01 12:30:06.749 [main] INFO  com.mytravelagencyV5.Main - Enter Origin Airport [EWR, TPA, MIA, JFK] :
2023-05-01 12:30:09.555 [main] DEBUG com.mytravelagencyV5.Main - originAirport: EWR
2023-05-01 12:30:09.556 [main] INFO  com.mytravelagencyV5.Main - Enter DEstination Airport [EWR, TPA, MIA, JFK] :
2023-05-01 12:30:10.572 [main] DEBUG com.mytravelagencyV5.Main - destinationAirport: MIA
2023-05-01 12:30:10.572 [main] INFO  com.mytravelagencyV5.Main - Enter departure date (yyyy-MM-dd) : 
2023-05-01 12:30:15.432 [main] DEBUG com.mytravelagencyV5.Main - departureDate: 2023-05-23
2023-05-01 12:30:15.437 [main] TRACE com.mytravelagencyV5.Main - Flight search results fetched
2023-05-01 12:32:38.357 [main] INFO  com.mytravelagencyV5.Main - Presenting Main Menu
2023-05-01 12:32:42.280 [main] TRACE com.mytravelagencyV5.Main - Flight Reservation started -
2023-05-01 12:32:42.284 [main] INFO  com.mytravelagencyV5.Main - Enter Origin Airport [EWR, TPA, MIA, JFK] :
2023-05-01 12:32:45.384 [main] DEBUG com.mytravelagencyV5.Main - originAirport: EWR
2023-05-01 12:32:45.385 [main] INFO  com.mytravelagencyV5.Main - Enter DEstination Airport [EWR, TPA, MIA, JFK] :
2023-05-01 12:32:46.401 [main] DEBUG com.mytravelagencyV5.Main - destinationAirport: MIA
2023-05-01 12:32:46.401 [main] INFO  com.mytravelagencyV5.Main - Enter departure date (yyyy-MM-dd) : 
2023-05-01 12:32:52.331 [main] DEBUG com.mytravelagencyV5.Main - departureDate: 2023-05-23
2023-05-01 12:32:52.335 [main] TRACE com.mytravelagencyV5.Main - Flight search results fetched
2023-05-01 12:32:52.335 [main] INFO  com.mytravelagencyV5.Main - Enter max price : 
2023-05-01 12:32:56.172 [main] DEBUG com.mytravelagencyV5.Main - maxPrice: 400.0
2023-05-01 12:32:56.172 [main] INFO  com.mytravelagencyV5.Main - Enter max number of stops : 
2023-05-01 12:32:59.653 [main] DEBUG com.mytravelagencyV5.Main - maxNoOfStops: 4
2023-05-01 12:32:59.654 [main] TRACE com.mytravelagencyV5.Main - Flight search results filtered
2023-05-01 12:32:59.654 [main] INFO  com.mytravelagencyV5.Main - Select your flight : 
2023-05-01 12:33:01.599 [main] DEBUG com.mytravelagencyV5.Main - Flight Selected: AI102 from EWR (2023-05-23T02:00:00.000Z) to MIA (2023-05-23T12:00:00.000Z) with 2 stops, $ 222.0
2023-05-01 12:33:01.621 [main] DEBUG com.mytravelagencyV5.Main - Flight reservation initiated : 4f7d1ae9-51e0-447d-b165-40527c47994d
2023-05-01 12:33:01.621 [main] INFO  com.mytravelagencyV5.Main - 
Customer Name : 
2023-05-01 12:33:25.602 [main] DEBUG com.mytravelagencyV5.Main - Customer Name: sheetal
2023-05-01 12:33:43.013 [main] DEBUG com.mytravelagencyV5.Main - Customer Email: sg@gmail.com
2023-05-01 12:33:43.014 [main] INFO  com.mytravelagencyV5.Main - Customer Phone : 
2023-05-01 12:33:48.841 [main] DEBUG com.mytravelagencyV5.Main - Customer Phone: 465786876
2023-05-01 12:33:59.429 [main] DEBUG com.mytravelagencyV5.Main - Seat Selected: Seat - A2
2023-05-01 12:33:59.429 [main] INFO  com.mytravelagencyV5.Main - needSpecialAssistance : 
2023-05-01 12:34:04.030 [main] DEBUG com.mytravelagencyV5.Main - needSpecialAssistance: false
2023-05-01 12:34:04.031 [main] INFO  com.mytravelagencyV5.Main - needMealService : 
2023-05-01 12:34:08.027 [main] DEBUG com.mytravelagencyV5.Main - needMealService: true
2023-05-01 12:34:08.028 [main] INFO  com.mytravelagencyV5.Main - Flight is reserved: 
Flight Reservation Id : 4f7d1ae9-51e0-447d-b165-40527c47994d -----
AI102 from EWR (2023-05-23T02:00:00.000Z) to MIA (2023-05-23T12:00:00.000Z) with 2 stops, $ 222.0
Customer : sheetal | sg@gmail.com | 465786876
Additional Services : 
 needMealService : true
 needSpecialAssistance : false
2023-05-01 12:36:16.992 [main] INFO  com.mytravelagencyV5.Main - Presenting Main Menu
2023-05-01 12:36:18.567 [main] TRACE com.mytravelagencyV5.Main - Flight Reservation started -
2023-05-01 12:36:18.568 [main] INFO  com.mytravelagencyV5.Main - Enter Origin Airport [EWR, TPA, MIA, JFK] :
2023-05-01 12:36:21.317 [main] INFO  com.mytravelagencyV5.Main - Enter Origin Airport [EWR, TPA, MIA, JFK] :
2023-05-01 12:36:23.742 [main] DEBUG com.mytravelagencyV5.Main - originAirport: EWR
2023-05-01 12:36:23.742 [main] INFO  com.mytravelagencyV5.Main - Enter DEstination Airport [EWR, TPA, MIA, JFK] :
2023-05-01 12:36:25.174 [main] DEBUG com.mytravelagencyV5.Main - destinationAirport: MIA
2023-05-01 12:36:25.174 [main] INFO  com.mytravelagencyV5.Main - Enter departure date (yyyy-MM-dd) : 
2023-05-01 12:36:31.405 [main] DEBUG com.mytravelagencyV5.Main - departureDate: 2023-05-23
2023-05-01 12:36:31.406 [main] TRACE com.mytravelagencyV5.Main - Flight search results fetched
2023-05-01 12:36:31.407 [main] INFO  com.mytravelagencyV5.Main - Enter max price : 
2023-05-01 12:36:34.047 [main] DEBUG com.mytravelagencyV5.Main - maxPrice: 400.0
2023-05-01 12:36:34.047 [main] INFO  com.mytravelagencyV5.Main - Enter max number of stops : 
2023-05-01 12:36:35.828 [main] DEBUG com.mytravelagencyV5.Main - maxNoOfStops: 3
2023-05-01 12:36:35.829 [main] TRACE com.mytravelagencyV5.Main - Flight search results filtered
2023-05-01 12:36:35.829 [main] INFO  com.mytravelagencyV5.Main - Select your flight : 
2023-05-01 12:36:37.794 [main] DEBUG com.mytravelagencyV5.Main - Flight Selected: AI101 from EWR (2023-05-23T01:00:00.000Z) to MIA (2023-05-23T11:00:00.000Z) with 1 stops, $ 111.0
2023-05-01 12:36:37.795 [main] DEBUG com.mytravelagencyV5.Main - Flight reservation initiated : 858f7a9d-554f-46b2-946a-8615c5b10ae3
2023-05-01 12:36:37.795 [main] INFO  com.mytravelagencyV5.Main - 
Customer Name : 
2023-05-01 12:36:43.807 [main] DEBUG com.mytravelagencyV5.Main - Customer Name: sheetal
2023-05-01 12:37:43.698 [main] DEBUG com.mytravelagencyV5.Main - Customer Email: sg@gmail.com
2023-05-01 12:37:43.698 [main] INFO  com.mytravelagencyV5.Main - Customer Phone : 
2023-05-01 12:37:47.160 [main] DEBUG com.mytravelagencyV5.Main - Customer Phone: 456778687
2023-05-01 12:37:50.627 [main] DEBUG com.mytravelagencyV5.Main - Seat Selected: Seat - A2
2023-05-01 12:37:50.628 [main] INFO  com.mytravelagencyV5.Main - needSpecialAssistance : 
2023-05-01 12:38:01.019 [main] DEBUG com.mytravelagencyV5.Main - needSpecialAssistance: false
2023-05-01 12:38:01.020 [main] INFO  com.mytravelagencyV5.Main - needMealService : 
2023-05-01 12:38:03.402 [main] DEBUG com.mytravelagencyV5.Main - needMealService: true
2023-05-01 12:38:03.403 [main] INFO  com.mytravelagencyV5.Main - Flight is reserved: 
Flight Reservation Id : 858f7a9d-554f-46b2-946a-8615c5b10ae3 -----
AI101 from EWR (2023-05-23T01:00:00.000Z) to MIA (2023-05-23T11:00:00.000Z) with 1 stops, $ 111.0
Customer : sheetal | sg@gmail.com | 456778687
Additional Services : 
 needMealService : true
 needSpecialAssistance : false
2023-05-01 12:41:13.029 [main] INFO  com.mytravelagencyV5.Main - Presenting Main Menu
2023-05-01 12:41:15.332 [main] TRACE com.mytravelagencyV5.Main - Flight Reservation started -
2023-05-01 12:41:15.335 [main] INFO  com.mytravelagencyV5.Main - Enter Origin Airport [EWR, TPA, MIA, JFK] :
2023-05-01 12:41:18.213 [main] DEBUG com.mytravelagencyV5.Main - originAirport: EWR
2023-05-01 12:41:18.213 [main] INFO  com.mytravelagencyV5.Main - Enter Destination Airport [EWR, TPA, MIA, JFK] :
2023-05-01 12:41:19.472 [main] DEBUG com.mytravelagencyV5.Main - destinationAirport: MIA
2023-05-01 12:41:19.473 [main] INFO  com.mytravelagencyV5.Main - Enter departure date (yyyy-MM-dd) : 
2023-05-01 12:41:25.975 [main] DEBUG com.mytravelagencyV5.Main - departureDate: 2023-05-23
2023-05-01 12:41:25.980 [main] TRACE com.mytravelagencyV5.Main - Flight search results fetched
2023-05-01 12:41:25.981 [main] INFO  com.mytravelagencyV5.Main - Enter max price : 
2023-05-01 12:41:30.961 [main] DEBUG com.mytravelagencyV5.Main - maxPrice: 400.0
2023-05-01 12:41:30.961 [main] INFO  com.mytravelagencyV5.Main - Enter max number of stops : 
2023-05-01 12:41:33.603 [main] DEBUG com.mytravelagencyV5.Main - maxNoOfStops: 3
2023-05-01 12:41:33.604 [main] TRACE com.mytravelagencyV5.Main - Flight search results filtered
2023-05-01 12:41:33.604 [main] INFO  com.mytravelagencyV5.Main - Select your flight : 
2023-05-01 12:41:38.175 [main] INFO  com.mytravelagencyV5.Main - Flight Selected: AI102 from EWR (2023-05-23T02:00:00.000Z) to MIA (2023-05-23T12:00:00.000Z) with 2 stops, $ 222.0
2023-05-01 12:41:38.197 [main] DEBUG com.mytravelagencyV5.Main - Flight reservation initiated : 7e74dfea-2e65-4bb0-82ea-9adc953ec516
2023-05-01 12:41:38.197 [main] INFO  com.mytravelagencyV5.Main - 
Customer Name : 
2023-05-01 12:41:56.303 [main] DEBUG com.mytravelagencyV5.Main - Customer Name: sheetal
2023-05-01 12:42:06.956 [main] DEBUG com.mytravelagencyV5.Main - Customer Email: sg@gmail.com
2023-05-01 12:42:06.956 [main] INFO  com.mytravelagencyV5.Main - Customer Phone : 
2023-05-01 12:42:09.390 [main] DEBUG com.mytravelagencyV5.Main - Customer Phone: 467576786
2023-05-01 12:42:16.515 [main] DEBUG com.mytravelagencyV5.Main - Seat Selected: Seat - A2
2023-05-01 12:42:16.515 [main] INFO  com.mytravelagencyV5.Main - needSpecialAssistance : 
2023-05-01 12:42:25.636 [main] DEBUG com.mytravelagencyV5.Main - needSpecialAssistance: false
2023-05-01 12:42:25.636 [main] INFO  com.mytravelagencyV5.Main - needMealService : 
2023-05-01 12:42:28.189 [main] DEBUG com.mytravelagencyV5.Main - needMealService: true
2023-05-01 12:42:28.190 [main] INFO  com.mytravelagencyV5.Main - 
Flight is reserved: 
Flight Reservation Id : 7e74dfea-2e65-4bb0-82ea-9adc953ec516 -----
AI102 from EWR (2023-05-23T02:00:00.000Z) to MIA (2023-05-23T12:00:00.000Z) with 2 stops, $ 222.0
Customer : sheetal | sg@gmail.com | 467576786
Additional Services : 
 needMealService : true
 needSpecialAssistance : false
2023-05-01 12:48:47.533 [main] INFO  com.mytravelagencyV5.Main - Presenting Main Menu
2023-05-01 12:48:49.676 [main] TRACE com.mytravelagencyV5.Main - Flight Reservation started -
2023-05-01 12:48:49.678 [main] INFO  com.mytravelagencyV5.Main - Enter Origin Airport [EWR, TPA, MIA, JFK] :
2023-05-01 12:48:52.340 [main] DEBUG com.mytravelagencyV5.Main - originAirport: EWR
2023-05-01 12:48:52.340 [main] INFO  com.mytravelagencyV5.Main - Enter Destination Airport [EWR, TPA, MIA, JFK] :
2023-05-01 12:48:53.318 [main] DEBUG com.mytravelagencyV5.Main - destinationAirport: MIA
2023-05-01 12:48:53.318 [main] INFO  com.mytravelagencyV5.Main - Enter departure date (yyyy-MM-dd) : 
2023-05-01 12:49:00.075 [main] DEBUG com.mytravelagencyV5.Main - departureDate: 2023-05-23
2023-05-01 12:49:00.080 [main] TRACE com.mytravelagencyV5.Main - Flight search results fetched
2023-05-01 12:49:00.080 [main] INFO  com.mytravelagencyV5.Main - Enter max price : 
2023-05-01 12:49:02.213 [main] DEBUG com.mytravelagencyV5.Main - maxPrice: 400.0
2023-05-01 12:49:02.214 [main] INFO  com.mytravelagencyV5.Main - Enter max number of stops : 
2023-05-01 12:49:04.002 [main] DEBUG com.mytravelagencyV5.Main - maxNoOfStops: 3
2023-05-01 12:49:04.003 [main] TRACE com.mytravelagencyV5.Main - Flight search results filtered
2023-05-01 12:49:04.003 [main] INFO  com.mytravelagencyV5.Main - Select your flight : 
2023-05-01 12:49:05.478 [main] INFO  com.mytravelagencyV5.Main - Flight Selected: AI101 from EWR (2023-05-23T01:00:00.000Z) to MIA (2023-05-23T11:00:00.000Z) with 1 stops, $ 111.0
2023-05-01 12:49:05.499 [main] DEBUG com.mytravelagencyV5.Main - Flight reservation initiated : 6e548157-b71b-461f-b18d-265941119c09
2023-05-01 12:49:05.500 [main] INFO  com.mytravelagencyV5.Main - 
Customer Name : 
2023-05-01 12:49:11.361 [main] DEBUG com.mytravelagencyV5.Main - Customer Name: sheetal
2023-05-01 12:49:21.420 [main] DEBUG com.mytravelagencyV5.Main - Customer Email: sg@gmail.com
2023-05-01 12:49:21.420 [main] INFO  com.mytravelagencyV5.Main - Customer Phone : 
2023-05-01 12:49:23.933 [main] DEBUG com.mytravelagencyV5.Main - Customer Phone: 365675786
2023-05-01 12:49:39.766 [main] DEBUG com.mytravelagencyV5.Main - Seat Selected: Seat - A2
2023-05-01 12:49:39.766 [main] INFO  com.mytravelagencyV5.Main - needSpecialAssistance : 
2023-05-01 12:49:45.349 [main] DEBUG com.mytravelagencyV5.Main - needSpecialAssistance: false
2023-05-01 12:49:45.349 [main] INFO  com.mytravelagencyV5.Main - needMealService : 
2023-05-01 12:49:48.811 [main] DEBUG com.mytravelagencyV5.Main - needMealService: true
2023-05-01 12:49:48.813 [main] INFO  com.mytravelagencyV5.Main - 
Flight is reserved: 
Flight Reservation Id : 6e548157-b71b-461f-b18d-265941119c09 -----
AI101 from EWR (2023-05-23T01:00:00.000Z) to MIA (2023-05-23T11:00:00.000Z) with 1 stops, $ 111.0
Customer : sheetal | sg@gmail.com | 365675786
Additional Services : 
 needMealService : true
 needSpecialAssistance : false
2023-05-01 12:50:18.134 [main] INFO  com.mytravelagencyV5.Main - Presenting Main Menu
2023-05-01 12:50:20.070 [main] TRACE com.mytravelagencyV5.Main - Hotel Reservation started
2023-05-01 12:50:20.070 [main] INFO  com.mytravelagencyV5.Main - Enter location : 
2023-05-01 12:50:22.950 [main] DEBUG com.mytravelagencyV5.Main - location: miami
2023-05-01 12:50:22.951 [main] INFO  com.mytravelagencyV5.Main - Enter date of stay : 
2023-05-01 12:50:32.466 [main] DEBUG com.mytravelagencyV5.Main - dateOfStay: 2023-05-23
2023-05-01 12:50:32.469 [main] TRACE com.mytravelagencyV5.Main - Hotel search results fetched
2023-05-01 12:50:32.469 [main] INFO  com.mytravelagencyV5.Main - Enter max price : 
2023-05-01 12:50:38.138 [main] DEBUG com.mytravelagencyV5.Main - maxPrice: 120.0
2023-05-01 12:50:38.139 [main] INFO  com.mytravelagencyV5.Main - Enter a room type : 
2023-05-01 12:50:41.417 [main] DEBUG com.mytravelagencyV5.Main - roomType: king
2023-05-01 12:50:41.419 [main] TRACE com.mytravelagencyV5.Main - Hotel search results filtered
2023-05-01 12:50:41.420 [main] INFO  com.mytravelagencyV5.Main - Select your hotel : 
2023-05-01 12:50:47.580 [main] INFO  com.mytravelagencyV5.Main - Hotel Selected
2023-05-01 12:50:47.581 [main] INFO  com.mytravelagencyV5.Main - Hotel Selected: HolidayInn at Miami with King Room on 2023-05-23 for $104.0 per night
2023-05-01 12:50:47.582 [main] DEBUG com.mytravelagencyV5.Main - Hotel reservation initiated : ce4a089f-1dfc-4ecc-9b00-81a4a1be273f
2023-05-01 12:50:47.583 [main] INFO  com.mytravelagencyV5.Main - 
Customer Name : 
2023-05-01 12:51:14.799 [main] DEBUG com.mytravelagencyV5.Main - Customer Name: sheetal
2023-05-01 12:51:24.875 [main] DEBUG com.mytravelagencyV5.Main - Customer Email: sg@gmail.com
2023-05-01 12:51:24.876 [main] INFO  com.mytravelagencyV5.Main - Customer Phone : 
2023-05-01 12:51:27.545 [main] DEBUG com.mytravelagencyV5.Main - Customer Phone: 56757868
2023-05-01 12:51:27.545 [main] INFO  com.mytravelagencyV5.Main - 
needFreeBreakfast : 
2023-05-01 12:51:32.012 [main] DEBUG com.mytravelagencyV5.Main - needFreeBreakfast: true
2023-05-01 12:51:32.012 [main] INFO  com.mytravelagencyV5.Main - needFreeInternet : 
2023-05-01 12:51:35.758 [main] DEBUG com.mytravelagencyV5.Main - needFreeInternet: true
2023-05-01 12:51:35.758 [main] INFO  com.mytravelagencyV5.Main - Hotel is reserved: 
Hotel Reservation Id : ce4a089f-1dfc-4ecc-9b00-81a4a1be273f -----
HolidayInn at Miami with King Room on 2023-05-23 for $104.0 per night
Customer : sheetal | sg@gmail.com | 56757868
Additional Services : 
 needFreeBreakfasttrue
 freeInternettrue
2023-05-01 12:52:20.966 [main] INFO  com.mytravelagencyV5.Main - Presenting Main Menu
2023-05-01 12:52:23.965 [main] TRACE com.mytravelagencyV5.Main - Car Reservation started
2023-05-01 12:52:23.965 [main] INFO  com.mytravelagencyV5.Main - Enter location : 
2023-05-01 12:52:27.141 [main] DEBUG com.mytravelagencyV5.Main - location: miami
2023-05-01 12:52:27.141 [main] INFO  com.mytravelagencyV5.Main - Enter pickupDate : 
2023-05-01 12:52:32.839 [main] DEBUG com.mytravelagencyV5.Main - pickupDate: 2023-05-23
2023-05-01 12:52:32.840 [main] INFO  com.mytravelagencyV5.Main - Enter dropOffDate : 
2023-05-01 12:52:37.177 [main] DEBUG com.mytravelagencyV5.Main - dropOffDate: 2023-05-23
2023-05-01 12:52:37.179 [main] TRACE com.mytravelagencyV5.Main - Car search results filtered
2023-05-01 12:52:37.179 [main] INFO  com.mytravelagencyV5.Main - Enter max price : 
2023-05-01 12:52:47.309 [main] DEBUG com.mytravelagencyV5.Main - maxPrice: 120.0
2023-05-01 12:52:47.310 [main] INFO  com.mytravelagencyV5.Main - Enter a carType : 
2023-05-01 12:52:50.922 [main] DEBUG com.mytravelagencyV5.Main - carType: suv
2023-05-01 12:52:50.923 [main] TRACE com.mytravelagencyV5.Main - Car search results filtered
2023-05-01 12:52:50.923 [main] INFO  com.mytravelagencyV5.Main - Select your car : 
2023-05-01 12:53:04.592 [main] INFO  com.mytravelagencyV5.Main - Presenting Main Menu
2023-05-01 12:53:07.415 [main] TRACE com.mytravelagencyV5.Main - Car Reservation started
2023-05-01 12:53:07.416 [main] INFO  com.mytravelagencyV5.Main - Enter location : 
2023-05-01 12:53:09.840 [main] DEBUG com.mytravelagencyV5.Main - location: miami
2023-05-01 12:53:09.840 [main] INFO  com.mytravelagencyV5.Main - Enter pickupDate : 
2023-05-01 12:53:14.229 [main] DEBUG com.mytravelagencyV5.Main - pickupDate: 2023-05-23
2023-05-01 12:53:14.230 [main] INFO  com.mytravelagencyV5.Main - Enter dropOffDate : 
2023-05-01 12:53:19.615 [main] DEBUG com.mytravelagencyV5.Main - dropOffDate: 2023-05-26
2023-05-01 12:53:19.622 [main] TRACE com.mytravelagencyV5.Main - Car search results filtered
2023-05-01 12:53:19.622 [main] INFO  com.mytravelagencyV5.Main - Enter max price : 
2023-05-01 12:53:24.100 [main] DEBUG com.mytravelagencyV5.Main - maxPrice: 50.0
2023-05-01 12:53:24.100 [main] INFO  com.mytravelagencyV5.Main - Enter a carType : 
2023-05-01 12:53:26.364 [main] DEBUG com.mytravelagencyV5.Main - carType: suv
2023-05-01 12:53:26.365 [main] TRACE com.mytravelagencyV5.Main - Car search results filtered
2023-05-01 12:53:26.365 [main] INFO  com.mytravelagencyV5.Main - Select your car : 
2023-05-01 12:53:27.983 [main] INFO  com.mytravelagencyV5.Main - Flight Selected: Booked SUV at Miami (2023-05-23 - 2023-05-26) for $25.0 per day
2023-05-01 12:53:28.005 [main] DEBUG com.mytravelagencyV5.Main - Car reservation initiated : c40879c7-ec11-4c09-a170-f50629ae956d
2023-05-01 12:53:28.005 [main] INFO  com.mytravelagencyV5.Main - 
Customer Name : 
2023-05-01 12:53:31.514 [main] DEBUG com.mytravelagencyV5.Main - Customer Name: sheetal
2023-05-01 12:53:41.036 [main] DEBUG com.mytravelagencyV5.Main - Customer Email: sg@gmail.com
2023-05-01 12:53:41.036 [main] INFO  com.mytravelagencyV5.Main - Customer Phone : 
2023-05-01 12:53:43.503 [main] DEBUG com.mytravelagencyV5.Main - Customer Phone: 546757687
2023-05-01 12:53:43.503 [main] INFO  com.mytravelagencyV5.Main - 
needCarSeat : 
2023-05-01 12:53:47.242 [main] DEBUG com.mytravelagencyV5.Main - needCarSeat: false
2023-05-01 12:53:47.243 [main] INFO  com.mytravelagencyV5.Main - 
Car is reserved: 
Car Reservation Id : c40879c7-ec11-4c09-a170-f50629ae956d -----
Booked SUV at Miami (2023-05-23 - 2023-05-26) for $25.0 per day
Customer : sheetal | sg@gmail.com | 546757687
Additional Services : 
 needCarSeat : false
2023-05-01 15:25:51.132 [main] INFO  com.mytravelagencyV5.Main - Presenting Main Menu
2023-05-01 15:25:55.526 [main] TRACE com.mytravelagencyV5.Main - Flight Reservation started -
2023-05-01 15:25:55.532 [main] INFO  com.mytravelagencyV5.Main - Enter Origin Airport [EWR, TPA, MIA, JFK] :
2023-05-01 15:25:58.583 [main] DEBUG com.mytravelagencyV5.Main - originAirport: EWR
2023-05-01 15:25:58.583 [main] INFO  com.mytravelagencyV5.Main - Enter Destination Airport [EWR, TPA, MIA, JFK] :
2023-05-01 15:25:59.903 [main] DEBUG com.mytravelagencyV5.Main - destinationAirport: MIA
2023-05-01 15:25:59.904 [main] INFO  com.mytravelagencyV5.Main - Enter departure date (yyyy-MM-dd) : 
2023-05-01 15:26:06.077 [main] DEBUG com.mytravelagencyV5.Main - departureDate: 2023-05-23
2023-05-01 15:26:06.083 [main] TRACE com.mytravelagencyV5.Main - Flight search results fetched
2023-05-01 15:26:06.083 [main] INFO  com.mytravelagencyV5.Main - Enter max price : 
2023-05-01 15:30:20.113 [main] INFO  com.mytravelagencyV5.Main - Presenting Main Menu
2023-05-01 15:30:22.696 [main] TRACE com.mytravelagencyV5.Main - Flight Reservation started -
2023-05-01 15:30:22.700 [main] INFO  com.mytravelagencyV5.Main - Enter Origin Airport [EWR, TPA, MIA, JFK] :
2023-05-01 15:30:25.148 [main] DEBUG com.mytravelagencyV5.Main - originAirport: EWR
2023-05-01 15:30:25.148 [main] INFO  com.mytravelagencyV5.Main - Enter Destination Airport [EWR, TPA, MIA, JFK] :
2023-05-01 15:30:26.194 [main] DEBUG com.mytravelagencyV5.Main - destinationAirport: MIA
2023-05-01 15:30:26.194 [main] INFO  com.mytravelagencyV5.Main - Enter departure date (yyyy-MM-dd) : 
2023-05-01 15:30:30.626 [main] DEBUG com.mytravelagencyV5.Main - departureDate: 2023-05-23
2023-05-01 15:30:30.631 [main] TRACE com.mytravelagencyV5.Main - Flight search results fetched
2023-05-01 15:30:30.631 [main] INFO  com.mytravelagencyV5.Main - Enter max price : 
2023-05-01 15:31:17.703 [main] INFO  com.mytravelagencyV5.Main - Presenting Main Menu
2023-05-01 15:31:19.639 [main] TRACE com.mytravelagencyV5.Main - Flight Reservation started -
2023-05-01 15:31:19.643 [main] INFO  com.mytravelagencyV5.Main - Enter Origin Airport [EWR, TPA, MIA, JFK] :
2023-05-01 15:31:21.834 [main] DEBUG com.mytravelagencyV5.Main - originAirport: EWR
2023-05-01 15:31:21.835 [main] INFO  com.mytravelagencyV5.Main - Enter Destination Airport [EWR, TPA, MIA, JFK] :
2023-05-01 15:31:22.960 [main] DEBUG com.mytravelagencyV5.Main - destinationAirport: MIA
2023-05-01 15:31:22.960 [main] INFO  com.mytravelagencyV5.Main - Enter departure date (yyyy-MM-dd) : 
2023-05-01 15:31:26.642 [main] DEBUG com.mytravelagencyV5.Main - departureDate: 2023-05-23
2023-05-01 15:31:26.648 [main] TRACE com.mytravelagencyV5.Main - Flight search results fetched
2023-05-01 15:31:26.648 [main] INFO  com.mytravelagencyV5.Main - Enter max price : 
2023-05-01 15:31:33.278 [main] DEBUG com.mytravelagencyV5.Main - maxPrice: 400.0
2023-05-01 15:31:33.278 [main] INFO  com.mytravelagencyV5.Main - Enter max number of stops : 
2023-05-01 15:31:34.687 [main] DEBUG com.mytravelagencyV5.Main - maxNoOfStops: 3
2023-05-01 15:31:34.687 [main] TRACE com.mytravelagencyV5.Main - Flight search results filtered
2023-05-01 15:31:34.688 [main] INFO  com.mytravelagencyV5.Main - Select your flight : 
2023-05-01 15:31:36.123 [main] INFO  com.mytravelagencyV5.Main - Flight Selected: AI101 from EWR (2023-05-23T01:00:00.000Z) to MIA (2023-05-23T11:00:00.000Z) with 1 stops, $ 111.0
2023-05-01 15:31:36.146 [main] DEBUG com.mytravelagencyV5.Main - Flight reservation initiated : 092cbde4-e80c-426b-b0f3-e02ea3335afc
2023-05-01 15:31:36.146 [main] INFO  com.mytravelagencyV5.Main - 
Customer Name : 
2023-05-01 15:31:40.267 [main] DEBUG com.mytravelagencyV5.Main - Customer Name: sheetal
2023-05-01 15:31:51.401 [main] DEBUG com.mytravelagencyV5.Main - Customer Email: sg@gmail.com
2023-05-01 15:31:51.403 [main] INFO  com.mytravelagencyV5.Main - Customer Phone : 
2023-05-01 15:31:54.349 [main] DEBUG com.mytravelagencyV5.Main - Customer Phone: 456675786
2023-05-01 15:31:58.783 [main] DEBUG com.mytravelagencyV5.Main - Seat Selected: Seat - A2
2023-05-01 16:11:17.195 [main] INFO  com.mytravelagencyV5.Main - Presenting Main Menu
2023-05-01 16:11:20.121 [main] TRACE com.mytravelagencyV5.Main - Flight Reservation started -
2023-05-01 16:11:20.124 [main] INFO  com.mytravelagencyV5.Main - Enter Origin Airport [EWR, TPA, MIA, JFK] :
2023-05-01 16:11:22.815 [main] DEBUG com.mytravelagencyV5.Main - originAirport: EWR
2023-05-01 16:11:22.816 [main] INFO  com.mytravelagencyV5.Main - Enter Destination Airport [EWR, TPA, MIA, JFK] :
2023-05-01 16:11:24.310 [main] DEBUG com.mytravelagencyV5.Main - destinationAirport: MIA
2023-05-01 16:11:24.311 [main] INFO  com.mytravelagencyV5.Main - Enter departure date (yyyy-MM-dd) : 
2023-05-01 16:11:29.489 [main] DEBUG com.mytravelagencyV5.Main - departureDate: 2023-05-23
2023-05-01 16:11:29.494 [main] TRACE com.mytravelagencyV5.Main - Flight search results fetched
2023-05-01 16:11:29.495 [main] INFO  com.mytravelagencyV5.Main - Enter max price : 
2023-05-01 16:11:32.159 [main] DEBUG com.mytravelagencyV5.Main - maxPrice: 400.0
2023-05-01 16:11:32.159 [main] INFO  com.mytravelagencyV5.Main - Enter max number of stops : 
2023-05-01 16:11:36.239 [main] DEBUG com.mytravelagencyV5.Main - maxNoOfStops: 3
2023-05-01 16:11:36.240 [main] TRACE com.mytravelagencyV5.Main - Flight search results filtered
2023-05-01 16:11:36.240 [main] INFO  com.mytravelagencyV5.Main - Select your flight : 
2023-05-01 16:11:37.595 [main] INFO  com.mytravelagencyV5.Main - Flight Selected: AI101 from EWR (2023-05-23T01:00:00.000Z) to MIA (2023-05-23T11:00:00.000Z) with 1 stops, $ 111.0
2023-05-01 16:11:37.617 [main] DEBUG com.mytravelagencyV5.Main - Flight reservation initiated : 882c49b0-f861-4bde-a4cd-c3de6b875f5d
2023-05-01 16:11:37.618 [main] INFO  com.mytravelagencyV5.Main - 
Customer Name : 
2023-05-01 16:11:41.409 [main] DEBUG com.mytravelagencyV5.Main - Customer Name: sheetal
2023-05-01 16:11:53.019 [main] DEBUG com.mytravelagencyV5.Main - Customer Email: sg@gmail.com
2023-05-01 16:11:53.020 [main] INFO  com.mytravelagencyV5.Main - Customer Phone : 
2023-05-01 16:11:56.518 [main] DEBUG com.mytravelagencyV5.Main - Customer Phone: 56757868
2023-05-01 16:11:59.650 [main] DEBUG com.mytravelagencyV5.Main - Seat Selected: Seat - A2
2023-05-01 16:13:22.271 [main] INFO  com.mytravelagencyV5.Main - 
needSpecialAssistance : 
2023-05-01 16:19:58.121 [main] INFO  com.mytravelagencyV5.Main - Presenting Main Menu
2023-05-01 16:20:00.769 [main] TRACE com.mytravelagencyV5.Main - Flight Reservation started -
2023-05-01 16:20:00.774 [main] INFO  com.mytravelagencyV5.Main - Enter Origin Airport [EWR, TPA, MIA, JFK] :
2023-05-01 16:20:03.509 [main] DEBUG com.mytravelagencyV5.Main - originAirport: EWR
2023-05-01 16:20:03.510 [main] INFO  com.mytravelagencyV5.Main - Enter Destination Airport [EWR, TPA, MIA, JFK] :
2023-05-01 16:20:04.513 [main] DEBUG com.mytravelagencyV5.Main - destinationAirport: MIA
2023-05-01 16:20:04.513 [main] INFO  com.mytravelagencyV5.Main - Enter departure date (yyyy-MM-dd) : 
2023-05-01 16:20:08.629 [main] DEBUG com.mytravelagencyV5.Main - departureDate: 2023-05-23
2023-05-01 16:20:08.635 [main] TRACE com.mytravelagencyV5.Main - Flight search results fetched
2023-05-01 16:20:08.635 [main] INFO  com.mytravelagencyV5.Main - Enter max price : 
2023-05-01 16:20:11.184 [main] DEBUG com.mytravelagencyV5.Main - maxPrice: 400.0
2023-05-01 16:20:11.185 [main] INFO  com.mytravelagencyV5.Main - Enter max number of stops : 
2023-05-01 16:20:14.043 [main] DEBUG com.mytravelagencyV5.Main - maxNoOfStops: 2
2023-05-01 16:20:14.043 [main] TRACE com.mytravelagencyV5.Main - Flight search results filtered
2023-05-01 16:20:14.044 [main] INFO  com.mytravelagencyV5.Main - Select your flight : 
2023-05-01 16:20:15.441 [main] INFO  com.mytravelagencyV5.Main - Flight Selected: AI101 from EWR (2023-05-23T01:00:00.000Z) to MIA (2023-05-23T11:00:00.000Z) with 1 stops, $ 111.0
2023-05-01 16:20:15.463 [main] DEBUG com.mytravelagencyV5.Main - Flight reservation initiated : c428ad64-a96d-41fb-a433-8ccce08362b5
2023-05-01 16:20:15.463 [main] INFO  com.mytravelagencyV5.Main - 
Customer Name : 
2023-05-01 16:20:18.637 [main] DEBUG com.mytravelagencyV5.Main - Customer Name: sheetal
2023-05-01 16:20:28.189 [main] DEBUG com.mytravelagencyV5.Main - Customer Email: sg@gmail.com
2023-05-01 16:20:28.189 [main] INFO  com.mytravelagencyV5.Main - Customer Phone : 
2023-05-01 16:20:31.438 [main] DEBUG com.mytravelagencyV5.Main - Customer Phone: 4567578687
2023-05-01 16:20:34.943 [main] DEBUG com.mytravelagencyV5.Main - Seat Selected: Seat - A2
2023-05-01 16:22:35.283 [main] INFO  com.mytravelagencyV5.Main - Presenting Main Menu
2023-05-01 16:22:37.773 [main] TRACE com.mytravelagencyV5.Main - Flight Reservation started -
2023-05-01 16:22:37.777 [main] INFO  com.mytravelagencyV5.Main - Enter Origin Airport [EWR, TPA, MIA, JFK] :
2023-05-01 16:22:40.164 [main] DEBUG com.mytravelagencyV5.Main - originAirport: EWR
2023-05-01 16:22:40.165 [main] INFO  com.mytravelagencyV5.Main - Enter Destination Airport [EWR, TPA, MIA, JFK] :
2023-05-01 16:22:41.470 [main] DEBUG com.mytravelagencyV5.Main - destinationAirport: MIA
2023-05-01 16:22:41.470 [main] INFO  com.mytravelagencyV5.Main - Enter departure date (yyyy-MM-dd) : 
2023-05-01 16:22:45.380 [main] DEBUG com.mytravelagencyV5.Main - departureDate: 2023-05-23
2023-05-01 16:22:45.386 [main] TRACE com.mytravelagencyV5.Main - Flight search results fetched
2023-05-01 16:22:45.386 [main] INFO  com.mytravelagencyV5.Main - Enter max price : 
2023-05-01 16:22:47.761 [main] DEBUG com.mytravelagencyV5.Main - maxPrice: 400.0
2023-05-01 16:22:47.762 [main] INFO  com.mytravelagencyV5.Main - Enter max number of stops : 
2023-05-01 16:22:49.129 [main] DEBUG com.mytravelagencyV5.Main - maxNoOfStops: 3
2023-05-01 16:22:49.130 [main] TRACE com.mytravelagencyV5.Main - Flight search results filtered
2023-05-01 16:22:49.131 [main] INFO  com.mytravelagencyV5.Main - Select your flight : 
2023-05-01 16:22:50.457 [main] INFO  com.mytravelagencyV5.Main - Flight Selected: AI101 from EWR (2023-05-23T01:00:00.000Z) to MIA (2023-05-23T11:00:00.000Z) with 1 stops, $ 111.0
2023-05-01 16:22:50.480 [main] DEBUG com.mytravelagencyV5.Main - Flight reservation initiated : 606c1c11-3db5-442c-a655-997832b3b34d
2023-05-01 16:22:50.480 [main] INFO  com.mytravelagencyV5.Main - 
Customer Name : 
2023-05-01 16:22:54.592 [main] DEBUG com.mytravelagencyV5.Main - Customer Name: sheetal
2023-05-01 16:23:04.322 [main] DEBUG com.mytravelagencyV5.Main - Customer Email: sg@gmail.com
2023-05-01 16:23:04.322 [main] INFO  com.mytravelagencyV5.Main - Customer Phone : 
2023-05-01 16:23:06.795 [main] DEBUG com.mytravelagencyV5.Main - Customer Phone: 465576678
2023-05-01 16:23:09.930 [main] DEBUG com.mytravelagencyV5.Main - Seat Selected: Seat - A2
2023-05-01 16:23:41.581 [main] INFO  com.mytravelagencyV5.Main - 
needSpecialAssistance : 
2023-05-01 16:27:46.042 [main] INFO  com.mytravelagencyV5.Main - Presenting Main Menu
2023-05-01 16:27:50.432 [main] TRACE com.mytravelagencyV5.Main - Flight Reservation started -
2023-05-01 16:27:50.437 [main] INFO  com.mytravelagencyV5.Main - Enter Origin Airport [EWR, TPA, MIA, JFK] :
2023-05-01 16:27:52.616 [main] DEBUG com.mytravelagencyV5.Main - originAirport: EWR
2023-05-01 16:27:52.617 [main] INFO  com.mytravelagencyV5.Main - Enter Destination Airport [EWR, TPA, MIA, JFK] :
2023-05-01 16:27:53.778 [main] DEBUG com.mytravelagencyV5.Main - destinationAirport: MIA
2023-05-01 16:27:53.779 [main] INFO  com.mytravelagencyV5.Main - Enter departure date (yyyy-MM-dd) : 
2023-05-01 16:27:58.731 [main] DEBUG com.mytravelagencyV5.Main - departureDate: 2023-05-23
2023-05-01 16:27:58.735 [main] TRACE com.mytravelagencyV5.Main - Flight search results fetched
2023-05-01 16:27:58.736 [main] INFO  com.mytravelagencyV5.Main - Enter max price : 
2023-05-01 16:28:01.449 [main] DEBUG com.mytravelagencyV5.Main - maxPrice: 400.0
2023-05-01 16:28:01.449 [main] INFO  com.mytravelagencyV5.Main - Enter max number of stops : 
2023-05-01 16:28:03.261 [main] DEBUG com.mytravelagencyV5.Main - maxNoOfStops: 3
2023-05-01 16:28:03.262 [main] TRACE com.mytravelagencyV5.Main - Flight search results filtered
2023-05-01 16:28:03.262 [main] INFO  com.mytravelagencyV5.Main - Select your flight : 
2023-05-01 16:28:04.607 [main] INFO  com.mytravelagencyV5.Main - Flight Selected: AI101 from EWR (2023-05-23T01:00:00.000Z) to MIA (2023-05-23T11:00:00.000Z) with 1 stops, $ 111.0
2023-05-01 16:28:04.630 [main] DEBUG com.mytravelagencyV5.Main - Flight reservation initiated : a61c51e6-5cc1-437a-aa58-98141f2915f8
2023-05-01 16:28:04.630 [main] INFO  com.mytravelagencyV5.Main - 
Customer Name : 
2023-05-01 16:28:07.858 [main] DEBUG com.mytravelagencyV5.Main - Customer Name: sheetal
2023-05-01 16:28:17.900 [main] DEBUG com.mytravelagencyV5.Main - Customer Email: sg@gmail.com
2023-05-01 16:28:17.901 [main] INFO  com.mytravelagencyV5.Main - Customer Phone : 
2023-05-01 16:28:21.665 [main] DEBUG com.mytravelagencyV5.Main - Customer Phone: 465677867
2023-05-01 16:28:29.804 [main] DEBUG com.mytravelagencyV5.Main - Seat Selected: Seat - A2
2023-05-01 16:29:15.101 [main] INFO  com.mytravelagencyV5.Main - 
needSpecialAssistance : 
2023-05-01 18:13:13.326 [main] INFO  com.mytravelagencyV5.Main - Presenting Main Menu
2023-05-01 18:13:16.393 [main] TRACE com.mytravelagencyV5.Main - Flight Reservation started -
2023-05-01 18:13:16.399 [main] INFO  com.mytravelagencyV5.Main - Enter Origin Airport [EWR, TPA, MIA, JFK] :
2023-05-01 18:13:18.810 [main] DEBUG com.mytravelagencyV5.Main - originAirport: EWR
2023-05-01 18:13:18.811 [main] INFO  com.mytravelagencyV5.Main - Enter Destination Airport [EWR, TPA, MIA, JFK] :
2023-05-01 18:13:20.287 [main] DEBUG com.mytravelagencyV5.Main - destinationAirport: MIA
2023-05-01 18:13:20.287 [main] INFO  com.mytravelagencyV5.Main - Enter departure date (yyyy-MM-dd) : 
2023-05-01 18:13:24.764 [main] DEBUG com.mytravelagencyV5.Main - departureDate: 2023-05-23
2023-05-01 18:13:24.768 [main] INFO  com.mytravelagencyV5.Main - 
Search Results -----
2023-05-01 18:13:24.770 [main] INFO  com.mytravelagencyV5.Main - 1 | AI101 from EWR (2023-05-23T01:00:00.000Z) to MIA (2023-05-23T11:00:00.000Z) with 1 stops, $ 111.0
2023-05-01 18:13:24.770 [main] INFO  com.mytravelagencyV5.Main - 2 | AI102 from EWR (2023-05-23T02:00:00.000Z) to MIA (2023-05-23T12:00:00.000Z) with 2 stops, $ 222.0
2023-05-01 18:13:24.771 [main] INFO  com.mytravelagencyV5.Main - 3 | AI103 from EWR (2023-05-23T03:00:00.000Z) to MIA (2023-05-23T13:00:00.000Z) with 3 stops, $ 333.0
2023-05-01 18:13:24.771 [main] INFO  com.mytravelagencyV5.Main - 4 | AI104 from EWR (2023-05-23T04:00:00.000Z) to MIA (2023-05-23T14:00:00.000Z) with 4 stops, $ 444.0
2023-05-01 18:13:24.771 [main] INFO  com.mytravelagencyV5.Main - 5 | AI105 from EWR (2023-05-23T05:00:00.000Z) to MIA (2023-05-23T15:00:00.000Z) with 5 stops, $ 555.0
2023-05-01 18:13:24.771 [main] INFO  com.mytravelagencyV5.Main - 6 | UA201 from EWR (2023-05-23T06:00:00.000Z) to MIA (2023-05-23T16:00:00.000Z) with 1 stops, $ 666.0
2023-05-01 18:13:24.772 [main] INFO  com.mytravelagencyV5.Main - 7 | UA202 from EWR (2023-05-23T07:00:00.000Z) to MIA (2023-05-23T17:00:00.000Z) with 2 stops, $ 777.0
2023-05-01 18:13:24.772 [main] INFO  com.mytravelagencyV5.Main - 8 | UA203 from EWR (2023-05-23T08:00:00.000Z) to MIA (2023-05-23T18:00:00.000Z) with 3 stops, $ 888.0
2023-05-01 18:13:24.772 [main] INFO  com.mytravelagencyV5.Main - 9 | UA204 from EWR (2023-05-23T09:00:00.000Z) to MIA (2023-05-23T19:00:00.000Z) with 4 stops, $ 999.0
2023-05-01 18:13:24.772 [main] INFO  com.mytravelagencyV5.Main - 10 | UA205 from EWR (2023-05-23T10:00:00.000Z) to MIA (2023-05-23T20:00:00.000Z) with 5 stops, $ 1100.0
2023-05-01 18:13:24.773 [main] TRACE com.mytravelagencyV5.Main - Flight search results fetched
2023-05-01 18:13:24.773 [main] INFO  com.mytravelagencyV5.Main - 
Set Filters : 
2023-05-01 18:13:24.773 [main] INFO  com.mytravelagencyV5.Main - Enter max price : 
2023-05-01 18:13:28.063 [main] DEBUG com.mytravelagencyV5.Main - maxPrice: 400.0
2023-05-01 18:13:28.064 [main] INFO  com.mytravelagencyV5.Main - Enter max number of stops : 
2023-05-01 18:13:30.234 [main] DEBUG com.mytravelagencyV5.Main - maxNoOfStops: 3
2023-05-01 18:13:30.235 [main] INFO  com.mytravelagencyV5.Main - 
Filtered Results -----
2023-05-01 18:13:30.235 [main] INFO  com.mytravelagencyV5.Main - 1 | AI101 from EWR (2023-05-23T01:00:00.000Z) to MIA (2023-05-23T11:00:00.000Z) with 1 stops, $ 111.0
2023-05-01 18:13:30.236 [main] INFO  com.mytravelagencyV5.Main - 2 | AI102 from EWR (2023-05-23T02:00:00.000Z) to MIA (2023-05-23T12:00:00.000Z) with 2 stops, $ 222.0
2023-05-01 18:13:30.236 [main] INFO  com.mytravelagencyV5.Main - 3 | AI103 from EWR (2023-05-23T03:00:00.000Z) to MIA (2023-05-23T13:00:00.000Z) with 3 stops, $ 333.0
2023-05-01 18:13:30.236 [main] TRACE com.mytravelagencyV5.Main - Flight search results filtered
2023-05-01 18:13:30.236 [main] INFO  com.mytravelagencyV5.Main - Select your flight : 
2023-05-01 18:13:33.527 [main] INFO  com.mytravelagencyV5.Main - 
Flight Selected -----
2023-05-01 18:13:33.528 [main] INFO  com.mytravelagencyV5.Main - Flight Selected: AI101 from EWR (2023-05-23T01:00:00.000Z) to MIA (2023-05-23T11:00:00.000Z) with 1 stops, $ 111.0
2023-05-01 18:13:33.547 [main] DEBUG com.mytravelagencyV5.Main - Flight reservation initiated : 93942bcb-f395-4aaa-9ecd-c158b248ff3d
2023-05-01 18:13:33.547 [main] INFO  com.mytravelagencyV5.Main - 
Customer Name : 
2023-05-01 18:13:36.882 [main] DEBUG com.mytravelagencyV5.Main - Customer Name: sheetal
2023-05-01 18:13:47.479 [main] DEBUG com.mytravelagencyV5.Main - Customer Email: sg@gmail.com
2023-05-01 18:13:47.480 [main] INFO  com.mytravelagencyV5.Main - Customer Phone : 
2023-05-01 18:13:50.071 [main] DEBUG com.mytravelagencyV5.Main - Customer Phone: 456756778
2023-05-01 18:13:52.870 [main] DEBUG com.mytravelagencyV5.Main - Seat Selected: Seat - A2
2023-05-01 18:13:59.727 [main] INFO  com.mytravelagencyV5.Main - 
needSpecialAssistance : 
2023-05-01 18:14:03.220 [main] DEBUG com.mytravelagencyV5.Main - needSpecialAssistance: false
2023-05-01 18:14:03.221 [main] INFO  com.mytravelagencyV5.Main - needMealService : 
2023-05-01 18:14:07.043 [main] DEBUG com.mytravelagencyV5.Main - needMealService: true
2023-05-01 18:14:07.044 [main] INFO  com.mytravelagencyV5.Main - 
Flight is reserved: 
Flight Reservation Id : 93942bcb-f395-4aaa-9ecd-c158b248ff3d -----
AI101 from EWR (2023-05-23T01:00:00.000Z) to MIA (2023-05-23T11:00:00.000Z) with 1 stops, $ 111.0
Customer : sheetal | sg@gmail.com | 456756778
Additional Services : 
 needMealService : true
 needSpecialAssistance : false
2023-05-01 18:14:07.044 [main] INFO  com.mytravelagencyV5.Main - 
Do you want to add more reservations to this trip : 
2023-05-01 18:14:17.832 [main] INFO  com.mytravelagencyV5.Main - Presenting Main Menu
2023-05-01 18:14:20.651 [main] TRACE com.mytravelagencyV5.Main - Hotel Reservation started
2023-05-01 18:14:20.652 [main] INFO  com.mytravelagencyV5.Main - Enter location : 
2023-05-01 18:14:23.440 [main] DEBUG com.mytravelagencyV5.Main - location: miami
2023-05-01 18:14:23.441 [main] INFO  com.mytravelagencyV5.Main - Enter date of stay : 
2023-05-01 18:14:29.218 [main] DEBUG com.mytravelagencyV5.Main - dateOfStay: 2023-05-23
2023-05-01 18:14:29.220 [main] INFO  com.mytravelagencyV5.Main - 
Search Results -----
2023-05-01 18:14:29.221 [main] TRACE com.mytravelagencyV5.Main - Hotel search results fetched
2023-05-01 18:14:29.221 [main] INFO  com.mytravelagencyV5.Main - 
Set Filters : 
2023-05-01 18:14:29.221 [main] INFO  com.mytravelagencyV5.Main - Enter max price : 
2023-05-01 18:14:32.214 [main] DEBUG com.mytravelagencyV5.Main - maxPrice: 120.0
2023-05-01 18:14:32.215 [main] INFO  com.mytravelagencyV5.Main - Enter a room type : 
2023-05-01 18:14:35.569 [main] DEBUG com.mytravelagencyV5.Main - roomType: king
2023-05-01 18:14:35.569 [main] INFO  com.mytravelagencyV5.Main - 
Filtered results: 
2023-05-01 18:14:35.569 [main] INFO  com.mytravelagencyV5.Main - 1 | Hilton at Miami with King Room on 2023-05-23 for $101.0 per night
2023-05-01 18:14:35.570 [main] INFO  com.mytravelagencyV5.Main - 2 | Hyatt at Miami with King Room on 2023-05-23 for $102.0 per night
2023-05-01 18:14:35.570 [main] INFO  com.mytravelagencyV5.Main - 3 | Marriot at Miami with King Room on 2023-05-23 for $103.0 per night
2023-05-01 18:14:35.570 [main] INFO  com.mytravelagencyV5.Main - 4 | HolidayInn at Miami with King Room on 2023-05-23 for $104.0 per night
2023-05-01 18:14:35.570 [main] TRACE com.mytravelagencyV5.Main - Hotel search results filtered
2023-05-01 18:14:35.570 [main] INFO  com.mytravelagencyV5.Main - Select your hotel : 
2023-05-01 18:14:42.179 [main] INFO  com.mytravelagencyV5.Main - Hotel Selected
2023-05-01 18:14:42.180 [main] INFO  com.mytravelagencyV5.Main - 
Hotel Selected -----
2023-05-01 18:14:42.181 [main] INFO  com.mytravelagencyV5.Main - Hotel Selected: Hilton at Miami with King Room on 2023-05-23 for $101.0 per night
2023-05-01 18:14:42.182 [main] DEBUG com.mytravelagencyV5.Main - Hotel reservation initiated : 0e104680-870b-4948-931a-d9acacd06e86
2023-05-01 18:14:42.182 [main] INFO  com.mytravelagencyV5.Main - 
Customer Name : 
2023-05-01 18:14:46.229 [main] DEBUG com.mytravelagencyV5.Main - Customer Name: sheetal
2023-05-01 18:14:57.894 [main] DEBUG com.mytravelagencyV5.Main - Customer Email: sg@gmail.com
2023-05-01 18:14:57.895 [main] INFO  com.mytravelagencyV5.Main - Customer Phone : 
2023-05-01 18:15:01.030 [main] DEBUG com.mytravelagencyV5.Main - Customer Phone: 4546757868
2023-05-01 18:15:01.031 [main] INFO  com.mytravelagencyV5.Main - 
needFreeBreakfast : 
2023-05-01 18:15:03.988 [main] DEBUG com.mytravelagencyV5.Main - needFreeBreakfast: true
2023-05-01 18:15:03.988 [main] INFO  com.mytravelagencyV5.Main - needFreeInternet : 
2023-05-01 18:15:05.656 [main] DEBUG com.mytravelagencyV5.Main - needFreeInternet: true
2023-05-01 18:15:05.657 [main] INFO  com.mytravelagencyV5.Main - 
Hotel is reserved: 
Hotel Reservation Id : 0e104680-870b-4948-931a-d9acacd06e86 -----
Hilton at Miami with King Room on 2023-05-23 for $101.0 per night
Customer : sheetal | sg@gmail.com | 4546757868
Additional Services : 
 needFreeBreakfasttrue
 freeInternettrue
2023-05-01 18:15:05.657 [main] INFO  com.mytravelagencyV5.Main - 
Do you want to add more reservations to this trip : 
2023-05-01 18:31:09.409 [main] INFO  com.mytravelagencyV5.Main - Presenting Main Menu
2023-05-01 18:31:11.956 [main] TRACE com.mytravelagencyV5.Main - Flight Reservation started -
2023-05-01 18:31:11.960 [main] INFO  com.mytravelagencyV5.Main - Enter Origin Airport [EWR, TPA, MIA, JFK] :
2023-05-01 18:31:15.056 [main] DEBUG com.mytravelagencyV5.Main - originAirport: EWR
2023-05-01 18:31:15.056 [main] INFO  com.mytravelagencyV5.Main - Enter Destination Airport [EWR, TPA, MIA, JFK] :
2023-05-01 18:31:16.584 [main] DEBUG com.mytravelagencyV5.Main - destinationAirport: MIA
2023-05-01 18:31:16.584 [main] INFO  com.mytravelagencyV5.Main - Enter departure date (yyyy-MM-dd) : 
2023-05-01 18:31:20.302 [main] DEBUG com.mytravelagencyV5.Main - departureDate: 2023-05-23
2023-05-01 18:31:20.306 [main] INFO  com.mytravelagencyV5.Main - 
Search Results -----
2023-05-01 18:31:20.308 [main] INFO  com.mytravelagencyV5.Main - 1 | AI101 from EWR (2023-05-23T01:00:00.000Z) to MIA (2023-05-23T11:00:00.000Z) with 1 stops, $ 111.0
2023-05-01 18:31:20.308 [main] INFO  com.mytravelagencyV5.Main - 2 | AI102 from EWR (2023-05-23T02:00:00.000Z) to MIA (2023-05-23T12:00:00.000Z) with 2 stops, $ 222.0
2023-05-01 18:31:20.308 [main] INFO  com.mytravelagencyV5.Main - 3 | AI103 from EWR (2023-05-23T03:00:00.000Z) to MIA (2023-05-23T13:00:00.000Z) with 3 stops, $ 333.0
2023-05-01 18:31:20.309 [main] INFO  com.mytravelagencyV5.Main - 4 | AI104 from EWR (2023-05-23T04:00:00.000Z) to MIA (2023-05-23T14:00:00.000Z) with 4 stops, $ 444.0
2023-05-01 18:31:20.309 [main] INFO  com.mytravelagencyV5.Main - 5 | AI105 from EWR (2023-05-23T05:00:00.000Z) to MIA (2023-05-23T15:00:00.000Z) with 5 stops, $ 555.0
2023-05-01 18:31:20.309 [main] INFO  com.mytravelagencyV5.Main - 6 | UA201 from EWR (2023-05-23T06:00:00.000Z) to MIA (2023-05-23T16:00:00.000Z) with 1 stops, $ 666.0
2023-05-01 18:31:20.309 [main] INFO  com.mytravelagencyV5.Main - 7 | UA202 from EWR (2023-05-23T07:00:00.000Z) to MIA (2023-05-23T17:00:00.000Z) with 2 stops, $ 777.0
2023-05-01 18:31:20.310 [main] INFO  com.mytravelagencyV5.Main - 8 | UA203 from EWR (2023-05-23T08:00:00.000Z) to MIA (2023-05-23T18:00:00.000Z) with 3 stops, $ 888.0
2023-05-01 18:31:20.310 [main] INFO  com.mytravelagencyV5.Main - 9 | UA204 from EWR (2023-05-23T09:00:00.000Z) to MIA (2023-05-23T19:00:00.000Z) with 4 stops, $ 999.0
2023-05-01 18:31:20.310 [main] INFO  com.mytravelagencyV5.Main - 10 | UA205 from EWR (2023-05-23T10:00:00.000Z) to MIA (2023-05-23T20:00:00.000Z) with 5 stops, $ 1100.0
2023-05-01 18:31:20.310 [main] TRACE com.mytravelagencyV5.Main - Flight search results fetched
2023-05-01 18:31:20.310 [main] INFO  com.mytravelagencyV5.Main - 
Set Filters : 
2023-05-01 18:31:20.311 [main] INFO  com.mytravelagencyV5.Main - Enter max price : 
2023-05-01 18:31:23.063 [main] DEBUG com.mytravelagencyV5.Main - maxPrice: 300.0
2023-05-01 18:31:23.063 [main] INFO  com.mytravelagencyV5.Main - Enter max number of stops : 
2023-05-01 18:31:24.047 [main] DEBUG com.mytravelagencyV5.Main - maxNoOfStops: 4
2023-05-01 18:31:24.048 [main] INFO  com.mytravelagencyV5.Main - 
Filtered Results -----
2023-05-01 18:31:24.048 [main] INFO  com.mytravelagencyV5.Main - 1 | AI101 from EWR (2023-05-23T01:00:00.000Z) to MIA (2023-05-23T11:00:00.000Z) with 1 stops, $ 111.0
2023-05-01 18:31:24.049 [main] INFO  com.mytravelagencyV5.Main - 2 | AI102 from EWR (2023-05-23T02:00:00.000Z) to MIA (2023-05-23T12:00:00.000Z) with 2 stops, $ 222.0
2023-05-01 18:31:24.049 [main] TRACE com.mytravelagencyV5.Main - Flight search results filtered
2023-05-01 18:31:24.049 [main] INFO  com.mytravelagencyV5.Main - Select your flight : 
2023-05-01 18:31:25.533 [main] INFO  com.mytravelagencyV5.Main - 
Flight Selected -----
2023-05-01 18:31:25.534 [main] INFO  com.mytravelagencyV5.Main - Flight Selected: AI101 from EWR (2023-05-23T01:00:00.000Z) to MIA (2023-05-23T11:00:00.000Z) with 1 stops, $ 111.0
2023-05-01 18:31:25.555 [main] DEBUG com.mytravelagencyV5.Main - Flight reservation initiated : 7db1bd1a-6c11-48ca-8798-ccc454110058
2023-05-01 18:31:25.555 [main] INFO  com.mytravelagencyV5.Main - 
Customer Name : 
2023-05-01 18:31:28.450 [main] DEBUG com.mytravelagencyV5.Main - Customer Name: sheetal
2023-05-01 18:31:37.467 [main] DEBUG com.mytravelagencyV5.Main - Customer Email: sg@gmail.com
2023-05-01 18:31:37.467 [main] INFO  com.mytravelagencyV5.Main - Customer Phone : 
2023-05-01 18:31:40.031 [main] DEBUG com.mytravelagencyV5.Main - Customer Phone: 54667578
2023-05-01 18:31:42.949 [main] DEBUG com.mytravelagencyV5.Main - Seat Selected: Seat - A2
2023-05-01 18:31:49.128 [main] INFO  com.mytravelagencyV5.Main - 
needSpecialAssistance : 
2023-05-01 18:31:55.016 [main] DEBUG com.mytravelagencyV5.Main - needSpecialAssistance: false
2023-05-01 18:31:55.017 [main] INFO  com.mytravelagencyV5.Main - needMealService : 
2023-05-01 18:31:56.877 [main] DEBUG com.mytravelagencyV5.Main - needMealService: true
2023-05-01 18:31:56.877 [main] INFO  com.mytravelagencyV5.Main - 
Flight is reserved: 
Flight Reservation Id : 7db1bd1a-6c11-48ca-8798-ccc454110058 -----
AI101 from EWR (2023-05-23T01:00:00.000Z) to MIA (2023-05-23T11:00:00.000Z) with 1 stops, $ 111.0
Customer : sheetal | sg@gmail.com | 54667578
Additional Services : 
 needMealService : true
 needSpecialAssistance : false
2023-05-01 18:31:56.878 [main] INFO  com.mytravelagencyV5.Main - 
Do you want to add more reservations to this trip : 
2023-05-01 18:32:03.871 [main] INFO  com.mytravelagencyV5.Main - Presenting Main Menu
2023-05-01 18:32:05.485 [main] TRACE com.mytravelagencyV5.Main - Hotel Reservation started
2023-05-01 18:32:05.485 [main] INFO  com.mytravelagencyV5.Main - Enter location : 
2023-05-01 18:32:07.445 [main] DEBUG com.mytravelagencyV5.Main - location: miami
2023-05-01 18:32:07.446 [main] INFO  com.mytravelagencyV5.Main - Enter date of stay : 
2023-05-01 18:32:12.949 [main] DEBUG com.mytravelagencyV5.Main - dateOfStay: 2023-05-23
2023-05-01 18:32:12.951 [main] INFO  com.mytravelagencyV5.Main - 
Search Results -----
2023-05-01 18:32:12.952 [main] TRACE com.mytravelagencyV5.Main - Hotel search results fetched
2023-05-01 18:32:12.952 [main] INFO  com.mytravelagencyV5.Main - 
Set Filters : 
2023-05-01 18:32:12.952 [main] INFO  com.mytravelagencyV5.Main - Enter max price : 
2023-05-01 18:32:15.554 [main] DEBUG com.mytravelagencyV5.Main - maxPrice: 120.0
2023-05-01 18:32:15.554 [main] INFO  com.mytravelagencyV5.Main - Enter a room type : 
2023-05-01 18:32:18.487 [main] DEBUG com.mytravelagencyV5.Main - roomType: king
2023-05-01 18:32:18.488 [main] INFO  com.mytravelagencyV5.Main - 
Filtered results: 
2023-05-01 18:32:18.488 [main] INFO  com.mytravelagencyV5.Main - 1 | Hilton at Miami with King Room on 2023-05-23 for $101.0 per night
2023-05-01 18:32:18.488 [main] INFO  com.mytravelagencyV5.Main - 2 | Hyatt at Miami with King Room on 2023-05-23 for $102.0 per night
2023-05-01 18:32:18.488 [main] INFO  com.mytravelagencyV5.Main - 3 | Marriot at Miami with King Room on 2023-05-23 for $103.0 per night
2023-05-01 18:32:18.488 [main] INFO  com.mytravelagencyV5.Main - 4 | HolidayInn at Miami with King Room on 2023-05-23 for $104.0 per night
2023-05-01 18:32:18.489 [main] TRACE com.mytravelagencyV5.Main - Hotel search results filtered
2023-05-01 18:32:18.489 [main] INFO  com.mytravelagencyV5.Main - Select your hotel : 
2023-05-01 18:32:20.256 [main] INFO  com.mytravelagencyV5.Main - Hotel Selected
2023-05-01 18:32:20.257 [main] INFO  com.mytravelagencyV5.Main - 
Hotel Selected -----
2023-05-01 18:32:20.257 [main] INFO  com.mytravelagencyV5.Main - Hotel Selected: Hilton at Miami with King Room on 2023-05-23 for $101.0 per night
2023-05-01 18:32:20.258 [main] DEBUG com.mytravelagencyV5.Main - Hotel reservation initiated : 71005174-9826-410c-8764-acbfce2fbaff
2023-05-01 18:32:20.258 [main] INFO  com.mytravelagencyV5.Main - 
Customer Name : 
2023-05-01 18:32:23.555 [main] DEBUG com.mytravelagencyV5.Main - Customer Name: sheetal
2023-05-01 18:32:35.306 [main] DEBUG com.mytravelagencyV5.Main - Customer Email: sg@gmail.com
2023-05-01 18:32:35.306 [main] INFO  com.mytravelagencyV5.Main - Customer Phone : 
2023-05-01 18:32:38.369 [main] DEBUG com.mytravelagencyV5.Main - Customer Phone: 454675786
2023-05-01 18:32:38.370 [main] INFO  com.mytravelagencyV5.Main - 
needFreeBreakfast : 
2023-05-01 18:32:40.875 [main] DEBUG com.mytravelagencyV5.Main - needFreeBreakfast: true
2023-05-01 18:32:40.876 [main] INFO  com.mytravelagencyV5.Main - needFreeInternet : 
2023-05-01 18:32:42.804 [main] DEBUG com.mytravelagencyV5.Main - needFreeInternet: true
2023-05-01 18:32:42.804 [main] INFO  com.mytravelagencyV5.Main - 
Hotel is reserved: 
Hotel Reservation Id : 71005174-9826-410c-8764-acbfce2fbaff -----
Hilton at Miami with King Room on 2023-05-23 for $101.0 per night
Customer : sheetal | sg@gmail.com | 454675786
Additional Services : 
 needFreeBreakfast : true
 freeInternet : true
2023-05-01 18:32:42.805 [main] INFO  com.mytravelagencyV5.Main - 
Do you want to add more reservations to this trip : 
2023-05-01 19:13:07.943 [main] INFO  com.mytravelagencyV5.Main - Presenting Main Menu
2023-05-01 19:13:10.334 [main] TRACE com.mytravelagencyV5.Main - Flight Reservation started -
2023-05-01 19:13:10.339 [main] INFO  com.mytravelagencyV5.Main - Enter Origin Airport [EWR, TPA, MIA, JFK] :
2023-05-01 19:13:13.129 [main] DEBUG com.mytravelagencyV5.Main - originAirport: EWR
2023-05-01 19:13:13.130 [main] INFO  com.mytravelagencyV5.Main - Enter Destination Airport [EWR, TPA, MIA, JFK] :
2023-05-01 19:13:14.113 [main] DEBUG com.mytravelagencyV5.Main - destinationAirport: MIA
2023-05-01 19:13:14.113 [main] INFO  com.mytravelagencyV5.Main - Enter departure date (yyyy-MM-dd) : 
2023-05-01 19:13:18.715 [main] DEBUG com.mytravelagencyV5.Main - departureDate: 2023-05-23
2023-05-01 19:13:18.718 [main] INFO  com.mytravelagencyV5.Main - 
Search Results -----
2023-05-01 19:13:18.720 [main] INFO  com.mytravelagencyV5.Main - 1 | AI101 from EWR (2023-05-23T01:00:00.000Z) to MIA (2023-05-23T11:00:00.000Z) with 1 stops, $ 111.0
2023-05-01 19:13:18.720 [main] INFO  com.mytravelagencyV5.Main - 2 | AI102 from EWR (2023-05-23T02:00:00.000Z) to MIA (2023-05-23T12:00:00.000Z) with 2 stops, $ 222.0
2023-05-01 19:13:18.721 [main] INFO  com.mytravelagencyV5.Main - 3 | AI103 from EWR (2023-05-23T03:00:00.000Z) to MIA (2023-05-23T13:00:00.000Z) with 3 stops, $ 333.0
2023-05-01 19:13:18.721 [main] INFO  com.mytravelagencyV5.Main - 4 | AI104 from EWR (2023-05-23T04:00:00.000Z) to MIA (2023-05-23T14:00:00.000Z) with 4 stops, $ 444.0
2023-05-01 19:13:18.721 [main] INFO  com.mytravelagencyV5.Main - 5 | AI105 from EWR (2023-05-23T05:00:00.000Z) to MIA (2023-05-23T15:00:00.000Z) with 5 stops, $ 555.0
2023-05-01 19:13:18.721 [main] INFO  com.mytravelagencyV5.Main - 6 | UA201 from EWR (2023-05-23T06:00:00.000Z) to MIA (2023-05-23T16:00:00.000Z) with 1 stops, $ 666.0
2023-05-01 19:13:18.722 [main] INFO  com.mytravelagencyV5.Main - 7 | UA202 from EWR (2023-05-23T07:00:00.000Z) to MIA (2023-05-23T17:00:00.000Z) with 2 stops, $ 777.0
2023-05-01 19:13:18.722 [main] INFO  com.mytravelagencyV5.Main - 8 | UA203 from EWR (2023-05-23T08:00:00.000Z) to MIA (2023-05-23T18:00:00.000Z) with 3 stops, $ 888.0
2023-05-01 19:13:18.722 [main] INFO  com.mytravelagencyV5.Main - 9 | UA204 from EWR (2023-05-23T09:00:00.000Z) to MIA (2023-05-23T19:00:00.000Z) with 4 stops, $ 999.0
2023-05-01 19:13:18.722 [main] INFO  com.mytravelagencyV5.Main - 10 | UA205 from EWR (2023-05-23T10:00:00.000Z) to MIA (2023-05-23T20:00:00.000Z) with 5 stops, $ 1100.0
2023-05-01 19:13:18.722 [main] TRACE com.mytravelagencyV5.Main - Flight search results fetched
2023-05-01 19:13:18.723 [main] INFO  com.mytravelagencyV5.Main - 
Set Filters : 
2023-05-01 19:13:18.723 [main] INFO  com.mytravelagencyV5.Main - Enter max price : 
2023-05-01 19:13:21.591 [main] DEBUG com.mytravelagencyV5.Main - maxPrice: 400.0
2023-05-01 19:13:21.591 [main] INFO  com.mytravelagencyV5.Main - Enter max number of stops : 
2023-05-01 19:13:24.418 [main] DEBUG com.mytravelagencyV5.Main - maxNoOfStops: 3
2023-05-01 19:13:24.419 [main] INFO  com.mytravelagencyV5.Main - 
Filtered Results -----
2023-05-01 19:13:24.419 [main] INFO  com.mytravelagencyV5.Main - 1 | AI101 from EWR (2023-05-23T01:00:00.000Z) to MIA (2023-05-23T11:00:00.000Z) with 1 stops, $ 111.0
2023-05-01 19:13:24.419 [main] INFO  com.mytravelagencyV5.Main - 2 | AI102 from EWR (2023-05-23T02:00:00.000Z) to MIA (2023-05-23T12:00:00.000Z) with 2 stops, $ 222.0
2023-05-01 19:13:24.419 [main] INFO  com.mytravelagencyV5.Main - 3 | AI103 from EWR (2023-05-23T03:00:00.000Z) to MIA (2023-05-23T13:00:00.000Z) with 3 stops, $ 333.0
2023-05-01 19:13:24.420 [main] TRACE com.mytravelagencyV5.Main - Flight search results filtered
2023-05-01 19:13:24.420 [main] INFO  com.mytravelagencyV5.Main - Select your flight : 
2023-05-01 19:13:25.804 [main] INFO  com.mytravelagencyV5.Main - 
Flight Selected -----
2023-05-01 19:13:25.804 [main] INFO  com.mytravelagencyV5.Main - Flight Selected: AI101 from EWR (2023-05-23T01:00:00.000Z) to MIA (2023-05-23T11:00:00.000Z) with 1 stops, $ 111.0
2023-05-01 19:13:25.825 [main] DEBUG com.mytravelagencyV5.Main - Flight reservation initiated : 36645575-0aef-43fc-ad5b-00a583ca4408
2023-05-01 19:13:25.826 [main] INFO  com.mytravelagencyV5.Main - 
Customer Name : 
2023-05-01 19:13:30.650 [main] DEBUG com.mytravelagencyV5.Main - Customer Name: sheetal
2023-05-01 19:13:41.298 [main] DEBUG com.mytravelagencyV5.Main - Customer Email: s@g.com
2023-05-01 19:13:41.299 [main] INFO  com.mytravelagencyV5.Main - Customer Phone : 
2023-05-01 19:13:45.387 [main] DEBUG com.mytravelagencyV5.Main - Customer Phone: 5677889878
2023-05-01 19:13:48.343 [main] DEBUG com.mytravelagencyV5.Main - Seat Selected: Seat - A2
2023-05-01 19:13:56.313 [main] INFO  com.mytravelagencyV5.Main - 
needSpecialAssistance : 
2023-05-01 19:13:59.455 [main] DEBUG com.mytravelagencyV5.Main - needSpecialAssistance: false
2023-05-01 19:13:59.455 [main] INFO  com.mytravelagencyV5.Main - needMealService : 
2023-05-01 19:14:01.514 [main] DEBUG com.mytravelagencyV5.Main - needMealService: true
2023-05-01 19:14:01.515 [main] INFO  com.mytravelagencyV5.Main - 
Flight is reserved: 
Flight Reservation Id : 36645575-0aef-43fc-ad5b-00a583ca4408 -----
AI101 from EWR (2023-05-23T01:00:00.000Z) to MIA (2023-05-23T11:00:00.000Z) with 1 stops, $ 111.0
Customer : sheetal | s@g.com | 5677889878
Additional Services : 
 needMealService : true
 needSpecialAssistance : false
2023-05-01 19:18:58.070 [main] INFO  com.mytravelagencyV5.Main - Presenting Main Menu
2023-05-01 19:19:00.091 [main] TRACE com.mytravelagencyV5.Main - Flight Reservation started -
2023-05-01 19:19:00.094 [main] INFO  com.mytravelagencyV5.Main - Enter Origin Airport [EWR, TPA, MIA, JFK] :
2023-05-01 19:19:03.465 [main] DEBUG com.mytravelagencyV5.Main - originAirport: EWR
2023-05-01 19:19:03.465 [main] INFO  com.mytravelagencyV5.Main - Enter Destination Airport [EWR, TPA, MIA, JFK] :
2023-05-01 19:19:04.633 [main] DEBUG com.mytravelagencyV5.Main - destinationAirport: MIA
2023-05-01 19:19:04.634 [main] INFO  com.mytravelagencyV5.Main - Enter departure date (yyyy-MM-dd) : 
2023-05-01 19:19:08.439 [main] DEBUG com.mytravelagencyV5.Main - departureDate: 2023-05-23
2023-05-01 19:19:08.443 [main] INFO  com.mytravelagencyV5.Main - 
Search Results -----
2023-05-01 19:19:08.445 [main] INFO  com.mytravelagencyV5.Main - 1 | AI101 from EWR (2023-05-23T01:00:00.000Z) to MIA (2023-05-23T11:00:00.000Z) with 1 stops, $ 111.0
2023-05-01 19:19:08.445 [main] INFO  com.mytravelagencyV5.Main - 2 | AI102 from EWR (2023-05-23T02:00:00.000Z) to MIA (2023-05-23T12:00:00.000Z) with 2 stops, $ 222.0
2023-05-01 19:19:08.446 [main] INFO  com.mytravelagencyV5.Main - 3 | AI103 from EWR (2023-05-23T03:00:00.000Z) to MIA (2023-05-23T13:00:00.000Z) with 3 stops, $ 333.0
2023-05-01 19:19:08.446 [main] INFO  com.mytravelagencyV5.Main - 4 | AI104 from EWR (2023-05-23T04:00:00.000Z) to MIA (2023-05-23T14:00:00.000Z) with 4 stops, $ 444.0
2023-05-01 19:19:08.446 [main] INFO  com.mytravelagencyV5.Main - 5 | AI105 from EWR (2023-05-23T05:00:00.000Z) to MIA (2023-05-23T15:00:00.000Z) with 5 stops, $ 555.0
2023-05-01 19:19:08.446 [main] INFO  com.mytravelagencyV5.Main - 6 | UA201 from EWR (2023-05-23T06:00:00.000Z) to MIA (2023-05-23T16:00:00.000Z) with 1 stops, $ 666.0
2023-05-01 19:19:08.447 [main] INFO  com.mytravelagencyV5.Main - 7 | UA202 from EWR (2023-05-23T07:00:00.000Z) to MIA (2023-05-23T17:00:00.000Z) with 2 stops, $ 777.0
2023-05-01 19:19:08.447 [main] INFO  com.mytravelagencyV5.Main - 8 | UA203 from EWR (2023-05-23T08:00:00.000Z) to MIA (2023-05-23T18:00:00.000Z) with 3 stops, $ 888.0
2023-05-01 19:19:08.447 [main] INFO  com.mytravelagencyV5.Main - 9 | UA204 from EWR (2023-05-23T09:00:00.000Z) to MIA (2023-05-23T19:00:00.000Z) with 4 stops, $ 999.0
2023-05-01 19:19:08.447 [main] INFO  com.mytravelagencyV5.Main - 10 | UA205 from EWR (2023-05-23T10:00:00.000Z) to MIA (2023-05-23T20:00:00.000Z) with 5 stops, $ 1100.0
2023-05-01 19:19:08.447 [main] TRACE com.mytravelagencyV5.Main - Flight search results fetched
2023-05-01 19:19:08.448 [main] INFO  com.mytravelagencyV5.Main - 
Set Filters : 
2023-05-01 19:19:08.448 [main] INFO  com.mytravelagencyV5.Main - Enter max price : 
2023-05-01 19:19:12.266 [main] DEBUG com.mytravelagencyV5.Main - maxPrice: 400.0
2023-05-01 19:19:12.266 [main] INFO  com.mytravelagencyV5.Main - Enter max number of stops : 
2023-05-01 19:19:13.991 [main] DEBUG com.mytravelagencyV5.Main - maxNoOfStops: 3
2023-05-01 19:19:13.992 [main] INFO  com.mytravelagencyV5.Main - 
Filtered Results -----
2023-05-01 19:19:13.992 [main] INFO  com.mytravelagencyV5.Main - 1 | AI101 from EWR (2023-05-23T01:00:00.000Z) to MIA (2023-05-23T11:00:00.000Z) with 1 stops, $ 111.0
2023-05-01 19:19:13.992 [main] INFO  com.mytravelagencyV5.Main - 2 | AI102 from EWR (2023-05-23T02:00:00.000Z) to MIA (2023-05-23T12:00:00.000Z) with 2 stops, $ 222.0
2023-05-01 19:19:13.993 [main] INFO  com.mytravelagencyV5.Main - 3 | AI103 from EWR (2023-05-23T03:00:00.000Z) to MIA (2023-05-23T13:00:00.000Z) with 3 stops, $ 333.0
2023-05-01 19:19:13.993 [main] TRACE com.mytravelagencyV5.Main - Flight search results filtered
2023-05-01 19:19:13.993 [main] INFO  com.mytravelagencyV5.Main - Select your flight : 
2023-05-01 19:19:15.277 [main] INFO  com.mytravelagencyV5.Main - 
Flight Selected -----
2023-05-01 19:19:15.278 [main] INFO  com.mytravelagencyV5.Main - Flight Selected: AI101 from EWR (2023-05-23T01:00:00.000Z) to MIA (2023-05-23T11:00:00.000Z) with 1 stops, $ 111.0
2023-05-01 19:19:15.299 [main] DEBUG com.mytravelagencyV5.Main - Flight reservation initiated : 20c581e1-06ea-4a89-9b49-ab546b5a4ddd
2023-05-01 19:19:15.299 [main] INFO  com.mytravelagencyV5.Main - 
Customer Name : 
2023-05-01 19:19:18.434 [main] DEBUG com.mytravelagencyV5.Main - Customer Name: sheetal
2023-05-01 19:19:27.842 [main] DEBUG com.mytravelagencyV5.Main - Customer Email: sg@gmail.com
2023-05-01 19:19:27.843 [main] INFO  com.mytravelagencyV5.Main - Customer Phone : 
2023-05-01 19:19:30.377 [main] DEBUG com.mytravelagencyV5.Main - Customer Phone: 567786897
2023-05-01 19:19:32.680 [main] DEBUG com.mytravelagencyV5.Main - Seat Selected: Seat - A2
2023-05-01 19:19:40.952 [main] INFO  com.mytravelagencyV5.Main - 
needSpecialAssistance : 
2023-05-01 19:19:44.386 [main] DEBUG com.mytravelagencyV5.Main - needSpecialAssistance: false
2023-05-01 19:19:44.386 [main] INFO  com.mytravelagencyV5.Main - needMealService : 
2023-05-01 19:19:47.343 [main] DEBUG com.mytravelagencyV5.Main - needMealService: true
2023-05-01 19:19:47.344 [main] INFO  com.mytravelagencyV5.Main - 
Flight is reserved: 
Flight Reservation Id : 20c581e1-06ea-4a89-9b49-ab546b5a4ddd -----
AI101 from EWR (2023-05-23T01:00:00.000Z) to MIA (2023-05-23T11:00:00.000Z) with 1 stops, $ 111.0
Customer : sheetal | sg@gmail.com | 567786897
Additional Services : 
 needMealService : true
 needSpecialAssistance : false
